ERROR:root:name 'requests' is not defined
Traceback (most recent call last):
  File "/home/niuhe/ShadowSocksShare-OpenShift/app/ss/ss_free.py", line 85, in request_doub_url
    html = requests.get(url, headers=HEADERS)
NameError: name 'requests' is not defined
Stack (most recent call last):
  File "/usr/lib/python3.5/threading.py", line 882, in _bootstrap
    self._bootstrap_inner()
  File "/usr/lib/python3.5/threading.py", line 914, in _bootstrap_inner
    self.run()
  File "/usr/lib/python3.5/threading.py", line 862, in run
    self._target(*self._args, **self._kwargs)
  File "/home/niuhe/ShadowSocksShare-OpenShift/app/views.py", line 34, in update_servers
    servers = ss_free.main()
  File "/home/niuhe/ShadowSocksShare-OpenShift/app/ss/ss_free.py", line 232, in main
    websites.extend([(i, HEADERS, i[-1]) for i in request_doub_url()])
  File "/home/niuhe/ShadowSocksShare-OpenShift/app/ss/ss_free.py", line 91, in request_doub_url
    logging.exception(e, stack_info=True)
ERROR:root:name 'requests' is not defined
Traceback (most recent call last):
  File "/home/niuhe/ShadowSocksShare-OpenShift/app/ss/ss_free.py", line 101, in request_iss
    data = requests.get(url)
NameError: name 'requests' is not defined
Stack (most recent call last):
  File "/usr/lib/python3.5/threading.py", line 882, in _bootstrap
    self._bootstrap_inner()
  File "/usr/lib/python3.5/threading.py", line 914, in _bootstrap_inner
    self.run()
  File "/usr/lib/python3.5/threading.py", line 862, in run
    self._target(*self._args, **self._kwargs)
  File "/home/niuhe/ShadowSocksShare-OpenShift/app/views.py", line 34, in update_servers
    servers = ss_free.main()
  File "/home/niuhe/ShadowSocksShare-OpenShift/app/ss/ss_free.py", line 239, in main
    data, info = website()
  File "/home/niuhe/ShadowSocksShare-OpenShift/app/ss/ss_free.py", line 104, in request_iss
    logging.exception(e, stack_info=True)
ERROR:root:HTTPConnectionPool(host='127.0.0.1', port=1085): Max retries exceeded with url: http://my.freess.org/ (Caused by ProxyError('Cannot connect to proxy.', NewConnectionError('<urllib3.connection.HTTPConnection object at 0xb567a30c>: Failed to establish a new connection: [Errno 111] Connection refused',)))http://my.freess.org/
ERROR:root:local variable 'info' referenced before assignment
Traceback (most recent call last):
  File "/home/niuhe/ShadowSocksShare-OpenShift/app/ss/ss_free.py", line 40, in request_freess_cx
    soup = BeautifulSoup(response, 'lxml')
  File "/home/niuhe/ShadowSocksShare-OpenShift/ssrshare/lib/python3.5/site-packages/bs4/__init__.py", line 165, in __init__
    % ",".join(features))
bs4.FeatureNotFound: Couldn't find a tree builder with the features you requested: lxml. Do you need to install a parser library?

During handling of the above exception, another exception occurred:

Traceback (most recent call last):
  File "/home/niuhe/ShadowSocksShare-OpenShift/app/ss/ss_free.py", line 51, in request_freess_cx
    logging.ERROR('璇锋洪' + 'http://my.freess.org/')
TypeError: 'int' object is not callable

During handling of the above exception, another exception occurred:

Traceback (most recent call last):
  File "/home/niuhe/ShadowSocksShare-OpenShift/app/ss/ss_free.py", line 239, in main
    data, info = website()
  File "/home/niuhe/ShadowSocksShare-OpenShift/app/ss/util.py", line 28, in wrapper
    return func(response)
  File "/home/niuhe/ShadowSocksShare-OpenShift/app/ss/ss_free.py", line 53, in request_freess_cx
    return servers, info
UnboundLocalError: local variable 'info' referenced before assignment
ERROR:root:name 'requests' is not defined
Traceback (most recent call last):
  File "/home/niuhe/ShadowSocksShare-OpenShift/app/ss/ss_free.py", line 182, in request_fq123
    data = re.split('\s*\n\s*', requests.get(url).text.split('```')[1].strip())
NameError: name 'requests' is not defined
Stack (most recent call last):
  File "/usr/lib/python3.5/threading.py", line 882, in _bootstrap
    self._bootstrap_inner()
  File "/usr/lib/python3.5/threading.py", line 914, in _bootstrap_inner
    self.run()
  File "/usr/lib/python3.5/threading.py", line 862, in run
    self._target(*self._args, **self._kwargs)
  File "/home/niuhe/ShadowSocksShare-OpenShift/app/views.py", line 34, in update_servers
    servers = ss_free.main()
  File "/home/niuhe/ShadowSocksShare-OpenShift/app/ss/ss_free.py", line 239, in main
    data, info = website()
  File "/home/niuhe/ShadowSocksShare-OpenShift/app/ss/ss_free.py", line 192, in request_fq123
    logging.exception(e, stack_info=True)
ERROR:root:HTTPSConnectionPool(host='free-ss.site', port=443): Max retries exceeded with url: /ss.json (Caused by NewConnectionError('<urllib3.connection.VerifiedHTTPSConnection object at 0xb56867ac>: Failed to establish a new connection: [Errno 110] Connection timed out',))
Traceback (most recent call last):
  File "/home/niuhe/ShadowSocksShare-OpenShift/ssrshare/lib/python3.5/site-packages/urllib3/connection.py", line 141, in _new_conn
    (self.host, self.port), self.timeout, **extra_kw)
  File "/home/niuhe/ShadowSocksShare-OpenShift/ssrshare/lib/python3.5/site-packages/urllib3/util/connection.py", line 83, in create_connection
    raise err
  File "/home/niuhe/ShadowSocksShare-OpenShift/ssrshare/lib/python3.5/site-packages/urllib3/util/connection.py", line 73, in create_connection
    sock.connect(sa)
TimeoutError: [Errno 110] Connection timed out

During handling of the above exception, another exception occurred:

Traceback (most recent call last):
  File "/home/niuhe/ShadowSocksShare-OpenShift/ssrshare/lib/python3.5/site-packages/urllib3/connectionpool.py", line 601, in urlopen
    chunked=chunked)
  File "/home/niuhe/ShadowSocksShare-OpenShift/ssrshare/lib/python3.5/site-packages/urllib3/connectionpool.py", line 346, in _make_request
    self._validate_conn(conn)
  File "/home/niuhe/ShadowSocksShare-OpenShift/ssrshare/lib/python3.5/site-packages/urllib3/connectionpool.py", line 850, in _validate_conn
    conn.connect()
  File "/home/niuhe/ShadowSocksShare-OpenShift/ssrshare/lib/python3.5/site-packages/urllib3/connection.py", line 284, in connect
    conn = self._new_conn()
  File "/home/niuhe/ShadowSocksShare-OpenShift/ssrshare/lib/python3.5/site-packages/urllib3/connection.py", line 150, in _new_conn
    self, "Failed to establish a new connection: %s" % e)
urllib3.exceptions.NewConnectionError: <urllib3.connection.VerifiedHTTPSConnection object at 0xb56867ac>: Failed to establish a new connection: [Errno 110] Connection timed out

During handling of the above exception, another exception occurred:

Traceback (most recent call last):
  File "/home/niuhe/ShadowSocksShare-OpenShift/ssrshare/lib/python3.5/site-packages/requests/adapters.py", line 440, in send
    timeout=timeout
  File "/home/niuhe/ShadowSocksShare-OpenShift/ssrshare/lib/python3.5/site-packages/urllib3/connectionpool.py", line 639, in urlopen
    _stacktrace=sys.exc_info()[2])
  File "/home/niuhe/ShadowSocksShare-OpenShift/ssrshare/lib/python3.5/site-packages/urllib3/util/retry.py", line 388, in increment
    raise MaxRetryError(_pool, url, error or ResponseError(cause))
urllib3.exceptions.MaxRetryError: HTTPSConnectionPool(host='free-ss.site', port=443): Max retries exceeded with url: /ss.json (Caused by NewConnectionError('<urllib3.connection.VerifiedHTTPSConnection object at 0xb56867ac>: Failed to establish a new connection: [Errno 110] Connection timed out',))

During handling of the above exception, another exception occurred:

Traceback (most recent call last):
  File "/home/niuhe/ShadowSocksShare-OpenShift/app/ss/ss_free.py", line 201, in request_free_ss_site
    respond = cf_request(url, headers=headers)
  File "/home/niuhe/ShadowSocksShare-OpenShift/app/ss/tools.py", line 9, in cf_request
    response = scraper.get(url)
  File "/home/niuhe/ShadowSocksShare-OpenShift/ssrshare/lib/python3.5/site-packages/requests/sessions.py", line 521, in get
    return self.request('GET', url, **kwargs)
  File "/home/niuhe/ShadowSocksShare-OpenShift/ssrshare/lib/python3.5/site-packages/cfscrape/__init__.py", line 64, in request
    resp = super(CloudflareScraper, self).request(method, url, *args, **kwargs)
  File "/home/niuhe/ShadowSocksShare-OpenShift/ssrshare/lib/python3.5/site-packages/requests/sessions.py", line 508, in request
    resp = self.send(prep, **send_kwargs)
  File "/home/niuhe/ShadowSocksShare-OpenShift/ssrshare/lib/python3.5/site-packages/requests/sessions.py", line 618, in send
    r = adapter.send(request, **kwargs)
  File "/home/niuhe/ShadowSocksShare-OpenShift/ssrshare/lib/python3.5/site-packages/requests/adapters.py", line 508, in send
    raise ConnectionError(e, request=request)
requests.exceptions.ConnectionError: HTTPSConnectionPool(host='free-ss.site', port=443): Max retries exceeded with url: /ss.json (Caused by NewConnectionError('<urllib3.connection.VerifiedHTTPSConnection object at 0xb56867ac>: Failed to establish a new connection: [Errno 110] Connection timed out',))
Stack (most recent call last):
  File "/usr/lib/python3.5/threading.py", line 882, in _bootstrap
    self._bootstrap_inner()
  File "/usr/lib/python3.5/threading.py", line 914, in _bootstrap_inner
    self.run()
  File "/usr/lib/python3.5/threading.py", line 862, in run
    self._target(*self._args, **self._kwargs)
  File "/home/niuhe/ShadowSocksShare-OpenShift/app/views.py", line 34, in update_servers
    servers = ss_free.main()
  File "/home/niuhe/ShadowSocksShare-OpenShift/app/ss/ss_free.py", line 239, in main
    data, info = website()
  File "/home/niuhe/ShadowSocksShare-OpenShift/app/ss/ss_free.py", line 211, in request_free_ss_site
    logging.exception(e, stack_info=True)
ERROR:root:local variable 'respond' referenced before assignment
Traceback (most recent call last):
  File "/home/niuhe/ShadowSocksShare-OpenShift/ssrshare/lib/python3.5/site-packages/urllib3/connection.py", line 141, in _new_conn
    (self.host, self.port), self.timeout, **extra_kw)
  File "/home/niuhe/ShadowSocksShare-OpenShift/ssrshare/lib/python3.5/site-packages/urllib3/util/connection.py", line 83, in create_connection
    raise err
  File "/home/niuhe/ShadowSocksShare-OpenShift/ssrshare/lib/python3.5/site-packages/urllib3/util/connection.py", line 73, in create_connection
    sock.connect(sa)
TimeoutError: [Errno 110] Connection timed out

During handling of the above exception, another exception occurred:

Traceback (most recent call last):
  File "/home/niuhe/ShadowSocksShare-OpenShift/ssrshare/lib/python3.5/site-packages/urllib3/connectionpool.py", line 601, in urlopen
    chunked=chunked)
  File "/home/niuhe/ShadowSocksShare-OpenShift/ssrshare/lib/python3.5/site-packages/urllib3/connectionpool.py", line 346, in _make_request
    self._validate_conn(conn)
  File "/home/niuhe/ShadowSocksShare-OpenShift/ssrshare/lib/python3.5/site-packages/urllib3/connectionpool.py", line 850, in _validate_conn
    conn.connect()
  File "/home/niuhe/ShadowSocksShare-OpenShift/ssrshare/lib/python3.5/site-packages/urllib3/connection.py", line 284, in connect
    conn = self._new_conn()
  File "/home/niuhe/ShadowSocksShare-OpenShift/ssrshare/lib/python3.5/site-packages/urllib3/connection.py", line 150, in _new_conn
    self, "Failed to establish a new connection: %s" % e)
urllib3.exceptions.NewConnectionError: <urllib3.connection.VerifiedHTTPSConnection object at 0xb56867ac>: Failed to establish a new connection: [Errno 110] Connection timed out

During handling of the above exception, another exception occurred:

Traceback (most recent call last):
  File "/home/niuhe/ShadowSocksShare-OpenShift/ssrshare/lib/python3.5/site-packages/requests/adapters.py", line 440, in send
    timeout=timeout
  File "/home/niuhe/ShadowSocksShare-OpenShift/ssrshare/lib/python3.5/site-packages/urllib3/connectionpool.py", line 639, in urlopen
    _stacktrace=sys.exc_info()[2])
  File "/home/niuhe/ShadowSocksShare-OpenShift/ssrshare/lib/python3.5/site-packages/urllib3/util/retry.py", line 388, in increment
    raise MaxRetryError(_pool, url, error or ResponseError(cause))
urllib3.exceptions.MaxRetryError: HTTPSConnectionPool(host='free-ss.site', port=443): Max retries exceeded with url: /ss.json (Caused by NewConnectionError('<urllib3.connection.VerifiedHTTPSConnection object at 0xb56867ac>: Failed to establish a new connection: [Errno 110] Connection timed out',))

During handling of the above exception, another exception occurred:

Traceback (most recent call last):
  File "/home/niuhe/ShadowSocksShare-OpenShift/app/ss/ss_free.py", line 201, in request_free_ss_site
    respond = cf_request(url, headers=headers)
  File "/home/niuhe/ShadowSocksShare-OpenShift/app/ss/tools.py", line 9, in cf_request
    response = scraper.get(url)
  File "/home/niuhe/ShadowSocksShare-OpenShift/ssrshare/lib/python3.5/site-packages/requests/sessions.py", line 521, in get
    return self.request('GET', url, **kwargs)
  File "/home/niuhe/ShadowSocksShare-OpenShift/ssrshare/lib/python3.5/site-packages/cfscrape/__init__.py", line 64, in request
    resp = super(CloudflareScraper, self).request(method, url, *args, **kwargs)
  File "/home/niuhe/ShadowSocksShare-OpenShift/ssrshare/lib/python3.5/site-packages/requests/sessions.py", line 508, in request
    resp = self.send(prep, **send_kwargs)
  File "/home/niuhe/ShadowSocksShare-OpenShift/ssrshare/lib/python3.5/site-packages/requests/sessions.py", line 618, in send
    r = adapter.send(request, **kwargs)
  File "/home/niuhe/ShadowSocksShare-OpenShift/ssrshare/lib/python3.5/site-packages/requests/adapters.py", line 508, in send
    raise ConnectionError(e, request=request)
requests.exceptions.ConnectionError: HTTPSConnectionPool(host='free-ss.site', port=443): Max retries exceeded with url: /ss.json (Caused by NewConnectionError('<urllib3.connection.VerifiedHTTPSConnection object at 0xb56867ac>: Failed to establish a new connection: [Errno 110] Connection timed out',))

During handling of the above exception, another exception occurred:

Traceback (most recent call last):
  File "/home/niuhe/ShadowSocksShare-OpenShift/app/ss/ss_free.py", line 239, in main
    data, info = website()
  File "/home/niuhe/ShadowSocksShare-OpenShift/app/ss/ss_free.py", line 212, in request_free_ss_site
    print(respond.text)
UnboundLocalError: local variable 'respond' referenced before assignment
ERROR:root:name 'requests' is not defined
Traceback (most recent call last):
  File "/home/niuhe/ShadowSocksShare-OpenShift/app/ss/ss_free.py", line 62, in request_url
    response = requests.get(url, headers=headers, verify=False).text
NameError: name 'requests' is not defined
ERROR:root:name 'requests' is not defined
Traceback (most recent call last):
  File "/home/niuhe/ShadowSocksShare-OpenShift/app/ss/ss_free.py", line 62, in request_url
    response = requests.get(url, headers=headers, verify=False).text
NameError: name 'requests' is not defined
ERROR:root:name 'requests' is not defined
Traceback (most recent call last):
  File "/home/niuhe/ShadowSocksShare-OpenShift/app/ss/ss_free.py", line 62, in request_url
    response = requests.get(url, headers=headers, verify=False).text
NameError: name 'requests' is not defined
ERROR:root:name 'requests' is not defined
Traceback (most recent call last):
  File "/home/niuhe/ShadowSocksShare-OpenShift/app/ss/ss_free.py", line 62, in request_url
    response = requests.get(url, headers=headers, verify=False).text
NameError: name 'requests' is not defined
ERROR:root:name 'requests' is not defined
Traceback (most recent call last):
  File "/home/niuhe/ShadowSocksShare-OpenShift/app/ss/ss_free.py", line 62, in request_url
    response = requests.get(url, headers=headers, verify=False).text
NameError: name 'requests' is not defined
ERROR:root:name 'requests' is not defined
Traceback (most recent call last):
  File "/home/niuhe/ShadowSocksShare-OpenShift/app/ss/ss_free.py", line 62, in request_url
    response = requests.get(url, headers=headers, verify=False).text
NameError: name 'requests' is not defined
ERROR:root:name 'requests' is not defined
Traceback (most recent call last):
  File "E:\Temp\ShadowSocksShare-OpenShift\app\ss\ss_free.py", line 85, in request_doub_url
    html = requests.get(url, headers=HEADERS)
NameError: name 'requests' is not defined
Stack (most recent call last):
  File "C:\Users\NiuHe\Anaconda3\lib\threading.py", line 884, in _bootstrap
    self._bootstrap_inner()
  File "C:\Users\NiuHe\Anaconda3\lib\threading.py", line 916, in _bootstrap_inner
    self.run()
  File "C:\Users\NiuHe\Anaconda3\lib\threading.py", line 864, in run
    self._target(*self._args, **self._kwargs)
  File "E:\Temp\ShadowSocksShare-OpenShift\app\views.py", line 34, in update_servers
    servers = ss_free.main()
  File "E:\Temp\ShadowSocksShare-OpenShift\app\ss\ss_free.py", line 232, in main
    websites.extend([(i, HEADERS, i[-1]) for i in request_doub_url()])
  File "E:\Temp\ShadowSocksShare-OpenShift\app\ss\ss_free.py", line 91, in request_doub_url
    logging.exception(e, stack_info=True)
ERROR:root:name 'requests' is not defined
Traceback (most recent call last):
  File "E:\Temp\ShadowSocksShare-OpenShift\app\ss\ss_free.py", line 101, in request_iss
    data = requests.get(url)
NameError: name 'requests' is not defined
Stack (most recent call last):
  File "C:\Users\NiuHe\Anaconda3\lib\threading.py", line 884, in _bootstrap
    self._bootstrap_inner()
  File "C:\Users\NiuHe\Anaconda3\lib\threading.py", line 916, in _bootstrap_inner
    self.run()
  File "C:\Users\NiuHe\Anaconda3\lib\threading.py", line 864, in run
    self._target(*self._args, **self._kwargs)
  File "E:\Temp\ShadowSocksShare-OpenShift\app\views.py", line 34, in update_servers
    servers = ss_free.main()
  File "E:\Temp\ShadowSocksShare-OpenShift\app\ss\ss_free.py", line 239, in main
    data, info = website()
  File "E:\Temp\ShadowSocksShare-OpenShift\app\ss\ss_free.py", line 104, in request_iss
    logging.exception(e, stack_info=True)
ERROR:root:name 'requests' is not defined
Traceback (most recent call last):
  File "E:\Temp\ShadowSocksShare-OpenShift\app\ss\ss_free.py", line 182, in request_fq123
    data = re.split('\s*\n\s*', requests.get(url).text.split('```')[1].strip())
NameError: name 'requests' is not defined
Stack (most recent call last):
  File "C:\Users\NiuHe\Anaconda3\lib\threading.py", line 884, in _bootstrap
    self._bootstrap_inner()
  File "C:\Users\NiuHe\Anaconda3\lib\threading.py", line 916, in _bootstrap_inner
    self.run()
  File "C:\Users\NiuHe\Anaconda3\lib\threading.py", line 864, in run
    self._target(*self._args, **self._kwargs)
  File "E:\Temp\ShadowSocksShare-OpenShift\app\views.py", line 34, in update_servers
    servers = ss_free.main()
  File "E:\Temp\ShadowSocksShare-OpenShift\app\ss\ss_free.py", line 239, in main
    data, info = website()
  File "E:\Temp\ShadowSocksShare-OpenShift\app\ss\ss_free.py", line 192, in request_fq123
    logging.exception(e, stack_info=True)
ERROR:root:HTTPSConnectionPool(host='free-ss.site', port=443): Max retries exceeded with url: /ss.json (Caused by NewConnectionError('<urllib3.connection.VerifiedHTTPSConnection object at 0x00000205B7FB08D0>: Failed to establish a new connection: [WinError 10060] 由于连接方在一段时间后没有正确答复或连接的主机没有反应，连接尝试失败。',))
Traceback (most recent call last):
  File "C:\Users\NiuHe\Anaconda3\lib\site-packages\urllib3\connection.py", line 141, in _new_conn
    (self.host, self.port), self.timeout, **extra_kw)
  File "C:\Users\NiuHe\Anaconda3\lib\site-packages\urllib3\util\connection.py", line 83, in create_connection
    raise err
  File "C:\Users\NiuHe\Anaconda3\lib\site-packages\urllib3\util\connection.py", line 73, in create_connection
    sock.connect(sa)
TimeoutError: [WinError 10060] 由于连接方在一段时间后没有正确答复或连接的主机没有反应，连接尝试失败。

During handling of the above exception, another exception occurred:

Traceback (most recent call last):
  File "C:\Users\NiuHe\Anaconda3\lib\site-packages\urllib3\connectionpool.py", line 601, in urlopen
    chunked=chunked)
  File "C:\Users\NiuHe\Anaconda3\lib\site-packages\urllib3\connectionpool.py", line 346, in _make_request
    self._validate_conn(conn)
  File "C:\Users\NiuHe\Anaconda3\lib\site-packages\urllib3\connectionpool.py", line 850, in _validate_conn
    conn.connect()
  File "C:\Users\NiuHe\Anaconda3\lib\site-packages\urllib3\connection.py", line 284, in connect
    conn = self._new_conn()
  File "C:\Users\NiuHe\Anaconda3\lib\site-packages\urllib3\connection.py", line 150, in _new_conn
    self, "Failed to establish a new connection: %s" % e)
urllib3.exceptions.NewConnectionError: <urllib3.connection.VerifiedHTTPSConnection object at 0x00000205B7FB08D0>: Failed to establish a new connection: [WinError 10060] 由于连接方在一段时间后没有正确答复或连接的主机没有反应，连接尝试失败。

During handling of the above exception, another exception occurred:

Traceback (most recent call last):
  File "C:\Users\NiuHe\Anaconda3\lib\site-packages\requests\adapters.py", line 440, in send
    timeout=timeout
  File "C:\Users\NiuHe\Anaconda3\lib\site-packages\urllib3\connectionpool.py", line 639, in urlopen
    _stacktrace=sys.exc_info()[2])
  File "C:\Users\NiuHe\Anaconda3\lib\site-packages\urllib3\util\retry.py", line 388, in increment
    raise MaxRetryError(_pool, url, error or ResponseError(cause))
urllib3.exceptions.MaxRetryError: HTTPSConnectionPool(host='free-ss.site', port=443): Max retries exceeded with url: /ss.json (Caused by NewConnectionError('<urllib3.connection.VerifiedHTTPSConnection object at 0x00000205B7FB08D0>: Failed to establish a new connection: [WinError 10060] 由于连接方在一段时间后没有正确答复或连接的主机没有反应，连接尝试失败。',))

During handling of the above exception, another exception occurred:

Traceback (most recent call last):
  File "E:\Temp\ShadowSocksShare-OpenShift\app\ss\ss_free.py", line 201, in request_free_ss_site
    respond = cf_request(url, headers=headers)
  File "E:\Temp\ShadowSocksShare-OpenShift\app\ss\tools.py", line 9, in cf_request
    response = scraper.get(url)
  File "C:\Users\NiuHe\Anaconda3\lib\site-packages\requests\sessions.py", line 521, in get
    return self.request('GET', url, **kwargs)
  File "C:\Users\NiuHe\Anaconda3\lib\site-packages\cfscrape\__init__.py", line 64, in request
    resp = super(CloudflareScraper, self).request(method, url, *args, **kwargs)
  File "C:\Users\NiuHe\Anaconda3\lib\site-packages\requests\sessions.py", line 508, in request
    resp = self.send(prep, **send_kwargs)
  File "C:\Users\NiuHe\Anaconda3\lib\site-packages\requests\sessions.py", line 618, in send
    r = adapter.send(request, **kwargs)
  File "C:\Users\NiuHe\Anaconda3\lib\site-packages\requests\adapters.py", line 508, in send
    raise ConnectionError(e, request=request)
requests.exceptions.ConnectionError: HTTPSConnectionPool(host='free-ss.site', port=443): Max retries exceeded with url: /ss.json (Caused by NewConnectionError('<urllib3.connection.VerifiedHTTPSConnection object at 0x00000205B7FB08D0>: Failed to establish a new connection: [WinError 10060] 由于连接方在一段时间后没有正确答复或连接的主机没有反应，连接尝试失败。',))
Stack (most recent call last):
  File "C:\Users\NiuHe\Anaconda3\lib\threading.py", line 884, in _bootstrap
    self._bootstrap_inner()
  File "C:\Users\NiuHe\Anaconda3\lib\threading.py", line 916, in _bootstrap_inner
    self.run()
  File "C:\Users\NiuHe\Anaconda3\lib\threading.py", line 864, in run
    self._target(*self._args, **self._kwargs)
  File "E:\Temp\ShadowSocksShare-OpenShift\app\views.py", line 34, in update_servers
    servers = ss_free.main()
  File "E:\Temp\ShadowSocksShare-OpenShift\app\ss\ss_free.py", line 239, in main
    data, info = website()
  File "E:\Temp\ShadowSocksShare-OpenShift\app\ss\ss_free.py", line 211, in request_free_ss_site
    logging.exception(e, stack_info=True)
ERROR:root:local variable 'respond' referenced before assignment
Traceback (most recent call last):
  File "C:\Users\NiuHe\Anaconda3\lib\site-packages\urllib3\connection.py", line 141, in _new_conn
    (self.host, self.port), self.timeout, **extra_kw)
  File "C:\Users\NiuHe\Anaconda3\lib\site-packages\urllib3\util\connection.py", line 83, in create_connection
    raise err
  File "C:\Users\NiuHe\Anaconda3\lib\site-packages\urllib3\util\connection.py", line 73, in create_connection
    sock.connect(sa)
TimeoutError: [WinError 10060] 由于连接方在一段时间后没有正确答复或连接的主机没有反应，连接尝试失败。

During handling of the above exception, another exception occurred:

Traceback (most recent call last):
  File "C:\Users\NiuHe\Anaconda3\lib\site-packages\urllib3\connectionpool.py", line 601, in urlopen
    chunked=chunked)
  File "C:\Users\NiuHe\Anaconda3\lib\site-packages\urllib3\connectionpool.py", line 346, in _make_request
    self._validate_conn(conn)
  File "C:\Users\NiuHe\Anaconda3\lib\site-packages\urllib3\connectionpool.py", line 850, in _validate_conn
    conn.connect()
  File "C:\Users\NiuHe\Anaconda3\lib\site-packages\urllib3\connection.py", line 284, in connect
    conn = self._new_conn()
  File "C:\Users\NiuHe\Anaconda3\lib\site-packages\urllib3\connection.py", line 150, in _new_conn
    self, "Failed to establish a new connection: %s" % e)
urllib3.exceptions.NewConnectionError: <urllib3.connection.VerifiedHTTPSConnection object at 0x00000205B7FB08D0>: Failed to establish a new connection: [WinError 10060] 由于连接方在一段时间后没有正确答复或连接的主机没有反应，连接尝试失败。

During handling of the above exception, another exception occurred:

Traceback (most recent call last):
  File "C:\Users\NiuHe\Anaconda3\lib\site-packages\requests\adapters.py", line 440, in send
    timeout=timeout
  File "C:\Users\NiuHe\Anaconda3\lib\site-packages\urllib3\connectionpool.py", line 639, in urlopen
    _stacktrace=sys.exc_info()[2])
  File "C:\Users\NiuHe\Anaconda3\lib\site-packages\urllib3\util\retry.py", line 388, in increment
    raise MaxRetryError(_pool, url, error or ResponseError(cause))
urllib3.exceptions.MaxRetryError: HTTPSConnectionPool(host='free-ss.site', port=443): Max retries exceeded with url: /ss.json (Caused by NewConnectionError('<urllib3.connection.VerifiedHTTPSConnection object at 0x00000205B7FB08D0>: Failed to establish a new connection: [WinError 10060] 由于连接方在一段时间后没有正确答复或连接的主机没有反应，连接尝试失败。',))

During handling of the above exception, another exception occurred:

Traceback (most recent call last):
  File "E:\Temp\ShadowSocksShare-OpenShift\app\ss\ss_free.py", line 201, in request_free_ss_site
    respond = cf_request(url, headers=headers)
  File "E:\Temp\ShadowSocksShare-OpenShift\app\ss\tools.py", line 9, in cf_request
    response = scraper.get(url)
  File "C:\Users\NiuHe\Anaconda3\lib\site-packages\requests\sessions.py", line 521, in get
    return self.request('GET', url, **kwargs)
  File "C:\Users\NiuHe\Anaconda3\lib\site-packages\cfscrape\__init__.py", line 64, in request
    resp = super(CloudflareScraper, self).request(method, url, *args, **kwargs)
  File "C:\Users\NiuHe\Anaconda3\lib\site-packages\requests\sessions.py", line 508, in request
    resp = self.send(prep, **send_kwargs)
  File "C:\Users\NiuHe\Anaconda3\lib\site-packages\requests\sessions.py", line 618, in send
    r = adapter.send(request, **kwargs)
  File "C:\Users\NiuHe\Anaconda3\lib\site-packages\requests\adapters.py", line 508, in send
    raise ConnectionError(e, request=request)
requests.exceptions.ConnectionError: HTTPSConnectionPool(host='free-ss.site', port=443): Max retries exceeded with url: /ss.json (Caused by NewConnectionError('<urllib3.connection.VerifiedHTTPSConnection object at 0x00000205B7FB08D0>: Failed to establish a new connection: [WinError 10060] 由于连接方在一段时间后没有正确答复或连接的主机没有反应，连接尝试失败。',))

During handling of the above exception, another exception occurred:

Traceback (most recent call last):
  File "E:\Temp\ShadowSocksShare-OpenShift\app\ss\ss_free.py", line 239, in main
    data, info = website()
  File "E:\Temp\ShadowSocksShare-OpenShift\app\ss\ss_free.py", line 212, in request_free_ss_site
    print(respond.text)
UnboundLocalError: local variable 'respond' referenced before assignment
ERROR:root:name 'requests' is not defined
Traceback (most recent call last):
  File "E:\Temp\ShadowSocksShare-OpenShift\app\ss\ss_free.py", line 62, in request_url
    response = requests.get(url, headers=headers, verify=False).text
NameError: name 'requests' is not defined
ERROR:root:name 'requests' is not defined
Traceback (most recent call last):
  File "E:\Temp\ShadowSocksShare-OpenShift\app\ss\ss_free.py", line 62, in request_url
    response = requests.get(url, headers=headers, verify=False).text
NameError: name 'requests' is not defined
ERROR:root:name 'requests' is not defined
Traceback (most recent call last):
  File "E:\Temp\ShadowSocksShare-OpenShift\app\ss\ss_free.py", line 62, in request_url
    response = requests.get(url, headers=headers, verify=False).text
NameError: name 'requests' is not defined
ERROR:root:name 'requests' is not defined
Traceback (most recent call last):
  File "E:\Temp\ShadowSocksShare-OpenShift\app\ss\ss_free.py", line 62, in request_url
    response = requests.get(url, headers=headers, verify=False).text
NameError: name 'requests' is not defined
ERROR:root:name 'requests' is not defined
Traceback (most recent call last):
  File "E:\Temp\ShadowSocksShare-OpenShift\app\ss\ss_free.py", line 62, in request_url
    response = requests.get(url, headers=headers, verify=False).text
NameError: name 'requests' is not defined
ERROR:root:name 'requests' is not defined
Traceback (most recent call last):
  File "E:\Temp\ShadowSocksShare-OpenShift\app\ss\ss_free.py", line 62, in request_url
    response = requests.get(url, headers=headers, verify=False).text
NameError: name 'requests' is not defined
ERROR:root:name 'requests' is not defined
Traceback (most recent call last):
  File "E:\Temp\ShadowSocksShare-OpenShift\app\ss\ss_free.py", line 85, in request_doub_url
    html = requests.get(url, headers=HEADERS)
NameError: name 'requests' is not defined
Stack (most recent call last):
  File "C:\Users\NiuHe\Anaconda3\lib\threading.py", line 884, in _bootstrap
    self._bootstrap_inner()
  File "C:\Users\NiuHe\Anaconda3\lib\threading.py", line 916, in _bootstrap_inner
    self.run()
  File "C:\Users\NiuHe\Anaconda3\lib\threading.py", line 864, in run
    self._target(*self._args, **self._kwargs)
  File "E:\Temp\ShadowSocksShare-OpenShift\app\views.py", line 34, in update_servers
    servers = ss_free.main()
  File "E:\Temp\ShadowSocksShare-OpenShift\app\ss\ss_free.py", line 232, in main
    websites.extend([(i, HEADERS, i[-1]) for i in request_doub_url()])
  File "E:\Temp\ShadowSocksShare-OpenShift\app\ss\ss_free.py", line 91, in request_doub_url
    logging.exception(e, stack_info=True)
ERROR:root:name 'requests' is not defined
Traceback (most recent call last):
  File "E:\Temp\ShadowSocksShare-OpenShift\app\ss\ss_free.py", line 101, in request_iss
    data = requests.get(url)
NameError: name 'requests' is not defined
Stack (most recent call last):
  File "C:\Users\NiuHe\Anaconda3\lib\threading.py", line 884, in _bootstrap
    self._bootstrap_inner()
  File "C:\Users\NiuHe\Anaconda3\lib\threading.py", line 916, in _bootstrap_inner
    self.run()
  File "C:\Users\NiuHe\Anaconda3\lib\threading.py", line 864, in run
    self._target(*self._args, **self._kwargs)
  File "E:\Temp\ShadowSocksShare-OpenShift\app\views.py", line 34, in update_servers
    servers = ss_free.main()
  File "E:\Temp\ShadowSocksShare-OpenShift\app\ss\ss_free.py", line 239, in main
    data, info = website()
  File "E:\Temp\ShadowSocksShare-OpenShift\app\ss\ss_free.py", line 104, in request_iss
    logging.exception(e, stack_info=True)
ERROR:root:name 'requests' is not defined
Traceback (most recent call last):
  File "E:\Temp\ShadowSocksShare-OpenShift\app\ss\ss_free.py", line 182, in request_fq123
    data = re.split('\s*\n\s*', requests.get(url).text.split('```')[1].strip())
NameError: name 'requests' is not defined
Stack (most recent call last):
  File "C:\Users\NiuHe\Anaconda3\lib\threading.py", line 884, in _bootstrap
    self._bootstrap_inner()
  File "C:\Users\NiuHe\Anaconda3\lib\threading.py", line 916, in _bootstrap_inner
    self.run()
  File "C:\Users\NiuHe\Anaconda3\lib\threading.py", line 864, in run
    self._target(*self._args, **self._kwargs)
  File "E:\Temp\ShadowSocksShare-OpenShift\app\views.py", line 34, in update_servers
    servers = ss_free.main()
  File "E:\Temp\ShadowSocksShare-OpenShift\app\ss\ss_free.py", line 239, in main
    data, info = website()
  File "E:\Temp\ShadowSocksShare-OpenShift\app\ss\ss_free.py", line 192, in request_fq123
    logging.exception(e, stack_info=True)
ERROR:root:HTTPSConnectionPool(host='free-ss.site', port=443): Max retries exceeded with url: /ss.json (Caused by NewConnectionError('<urllib3.connection.VerifiedHTTPSConnection object at 0x00000242A8F55A90>: Failed to establish a new connection: [WinError 10060] 由于连接方在一段时间后没有正确答复或连接的主机没有反应，连接尝试失败。',))
Traceback (most recent call last):
  File "C:\Users\NiuHe\Anaconda3\lib\site-packages\urllib3\connection.py", line 141, in _new_conn
    (self.host, self.port), self.timeout, **extra_kw)
  File "C:\Users\NiuHe\Anaconda3\lib\site-packages\urllib3\util\connection.py", line 83, in create_connection
    raise err
  File "C:\Users\NiuHe\Anaconda3\lib\site-packages\urllib3\util\connection.py", line 73, in create_connection
    sock.connect(sa)
TimeoutError: [WinError 10060] 由于连接方在一段时间后没有正确答复或连接的主机没有反应，连接尝试失败。

During handling of the above exception, another exception occurred:

Traceback (most recent call last):
  File "C:\Users\NiuHe\Anaconda3\lib\site-packages\urllib3\connectionpool.py", line 601, in urlopen
    chunked=chunked)
  File "C:\Users\NiuHe\Anaconda3\lib\site-packages\urllib3\connectionpool.py", line 346, in _make_request
    self._validate_conn(conn)
  File "C:\Users\NiuHe\Anaconda3\lib\site-packages\urllib3\connectionpool.py", line 850, in _validate_conn
    conn.connect()
  File "C:\Users\NiuHe\Anaconda3\lib\site-packages\urllib3\connection.py", line 284, in connect
    conn = self._new_conn()
  File "C:\Users\NiuHe\Anaconda3\lib\site-packages\urllib3\connection.py", line 150, in _new_conn
    self, "Failed to establish a new connection: %s" % e)
urllib3.exceptions.NewConnectionError: <urllib3.connection.VerifiedHTTPSConnection object at 0x00000242A8F55A90>: Failed to establish a new connection: [WinError 10060] 由于连接方在一段时间后没有正确答复或连接的主机没有反应，连接尝试失败。

During handling of the above exception, another exception occurred:

Traceback (most recent call last):
  File "C:\Users\NiuHe\Anaconda3\lib\site-packages\requests\adapters.py", line 440, in send
    timeout=timeout
  File "C:\Users\NiuHe\Anaconda3\lib\site-packages\urllib3\connectionpool.py", line 639, in urlopen
    _stacktrace=sys.exc_info()[2])
  File "C:\Users\NiuHe\Anaconda3\lib\site-packages\urllib3\util\retry.py", line 388, in increment
    raise MaxRetryError(_pool, url, error or ResponseError(cause))
urllib3.exceptions.MaxRetryError: HTTPSConnectionPool(host='free-ss.site', port=443): Max retries exceeded with url: /ss.json (Caused by NewConnectionError('<urllib3.connection.VerifiedHTTPSConnection object at 0x00000242A8F55A90>: Failed to establish a new connection: [WinError 10060] 由于连接方在一段时间后没有正确答复或连接的主机没有反应，连接尝试失败。',))

During handling of the above exception, another exception occurred:

Traceback (most recent call last):
  File "E:\Temp\ShadowSocksShare-OpenShift\app\ss\ss_free.py", line 201, in request_free_ss_site
    respond = cf_request(url, headers=headers)
  File "E:\Temp\ShadowSocksShare-OpenShift\app\ss\tools.py", line 9, in cf_request
    response = scraper.get(url)
  File "C:\Users\NiuHe\Anaconda3\lib\site-packages\requests\sessions.py", line 521, in get
    return self.request('GET', url, **kwargs)
  File "C:\Users\NiuHe\Anaconda3\lib\site-packages\cfscrape\__init__.py", line 64, in request
    resp = super(CloudflareScraper, self).request(method, url, *args, **kwargs)
  File "C:\Users\NiuHe\Anaconda3\lib\site-packages\requests\sessions.py", line 508, in request
    resp = self.send(prep, **send_kwargs)
  File "C:\Users\NiuHe\Anaconda3\lib\site-packages\requests\sessions.py", line 618, in send
    r = adapter.send(request, **kwargs)
  File "C:\Users\NiuHe\Anaconda3\lib\site-packages\requests\adapters.py", line 508, in send
    raise ConnectionError(e, request=request)
requests.exceptions.ConnectionError: HTTPSConnectionPool(host='free-ss.site', port=443): Max retries exceeded with url: /ss.json (Caused by NewConnectionError('<urllib3.connection.VerifiedHTTPSConnection object at 0x00000242A8F55A90>: Failed to establish a new connection: [WinError 10060] 由于连接方在一段时间后没有正确答复或连接的主机没有反应，连接尝试失败。',))
Stack (most recent call last):
  File "C:\Users\NiuHe\Anaconda3\lib\threading.py", line 884, in _bootstrap
    self._bootstrap_inner()
  File "C:\Users\NiuHe\Anaconda3\lib\threading.py", line 916, in _bootstrap_inner
    self.run()
  File "C:\Users\NiuHe\Anaconda3\lib\threading.py", line 864, in run
    self._target(*self._args, **self._kwargs)
  File "E:\Temp\ShadowSocksShare-OpenShift\app\views.py", line 34, in update_servers
    servers = ss_free.main()
  File "E:\Temp\ShadowSocksShare-OpenShift\app\ss\ss_free.py", line 239, in main
    data, info = website()
  File "E:\Temp\ShadowSocksShare-OpenShift\app\ss\ss_free.py", line 211, in request_free_ss_site
    logging.exception(e, stack_info=True)
ERROR:root:local variable 'respond' referenced before assignment
Traceback (most recent call last):
  File "C:\Users\NiuHe\Anaconda3\lib\site-packages\urllib3\connection.py", line 141, in _new_conn
    (self.host, self.port), self.timeout, **extra_kw)
  File "C:\Users\NiuHe\Anaconda3\lib\site-packages\urllib3\util\connection.py", line 83, in create_connection
    raise err
  File "C:\Users\NiuHe\Anaconda3\lib\site-packages\urllib3\util\connection.py", line 73, in create_connection
    sock.connect(sa)
TimeoutError: [WinError 10060] 由于连接方在一段时间后没有正确答复或连接的主机没有反应，连接尝试失败。

During handling of the above exception, another exception occurred:

Traceback (most recent call last):
  File "C:\Users\NiuHe\Anaconda3\lib\site-packages\urllib3\connectionpool.py", line 601, in urlopen
    chunked=chunked)
  File "C:\Users\NiuHe\Anaconda3\lib\site-packages\urllib3\connectionpool.py", line 346, in _make_request
    self._validate_conn(conn)
  File "C:\Users\NiuHe\Anaconda3\lib\site-packages\urllib3\connectionpool.py", line 850, in _validate_conn
    conn.connect()
  File "C:\Users\NiuHe\Anaconda3\lib\site-packages\urllib3\connection.py", line 284, in connect
    conn = self._new_conn()
  File "C:\Users\NiuHe\Anaconda3\lib\site-packages\urllib3\connection.py", line 150, in _new_conn
    self, "Failed to establish a new connection: %s" % e)
urllib3.exceptions.NewConnectionError: <urllib3.connection.VerifiedHTTPSConnection object at 0x00000242A8F55A90>: Failed to establish a new connection: [WinError 10060] 由于连接方在一段时间后没有正确答复或连接的主机没有反应，连接尝试失败。

During handling of the above exception, another exception occurred:

Traceback (most recent call last):
  File "C:\Users\NiuHe\Anaconda3\lib\site-packages\requests\adapters.py", line 440, in send
    timeout=timeout
  File "C:\Users\NiuHe\Anaconda3\lib\site-packages\urllib3\connectionpool.py", line 639, in urlopen
    _stacktrace=sys.exc_info()[2])
  File "C:\Users\NiuHe\Anaconda3\lib\site-packages\urllib3\util\retry.py", line 388, in increment
    raise MaxRetryError(_pool, url, error or ResponseError(cause))
urllib3.exceptions.MaxRetryError: HTTPSConnectionPool(host='free-ss.site', port=443): Max retries exceeded with url: /ss.json (Caused by NewConnectionError('<urllib3.connection.VerifiedHTTPSConnection object at 0x00000242A8F55A90>: Failed to establish a new connection: [WinError 10060] 由于连接方在一段时间后没有正确答复或连接的主机没有反应，连接尝试失败。',))

During handling of the above exception, another exception occurred:

Traceback (most recent call last):
  File "E:\Temp\ShadowSocksShare-OpenShift\app\ss\ss_free.py", line 201, in request_free_ss_site
    respond = cf_request(url, headers=headers)
  File "E:\Temp\ShadowSocksShare-OpenShift\app\ss\tools.py", line 9, in cf_request
    response = scraper.get(url)
  File "C:\Users\NiuHe\Anaconda3\lib\site-packages\requests\sessions.py", line 521, in get
    return self.request('GET', url, **kwargs)
  File "C:\Users\NiuHe\Anaconda3\lib\site-packages\cfscrape\__init__.py", line 64, in request
    resp = super(CloudflareScraper, self).request(method, url, *args, **kwargs)
  File "C:\Users\NiuHe\Anaconda3\lib\site-packages\requests\sessions.py", line 508, in request
    resp = self.send(prep, **send_kwargs)
  File "C:\Users\NiuHe\Anaconda3\lib\site-packages\requests\sessions.py", line 618, in send
    r = adapter.send(request, **kwargs)
  File "C:\Users\NiuHe\Anaconda3\lib\site-packages\requests\adapters.py", line 508, in send
    raise ConnectionError(e, request=request)
requests.exceptions.ConnectionError: HTTPSConnectionPool(host='free-ss.site', port=443): Max retries exceeded with url: /ss.json (Caused by NewConnectionError('<urllib3.connection.VerifiedHTTPSConnection object at 0x00000242A8F55A90>: Failed to establish a new connection: [WinError 10060] 由于连接方在一段时间后没有正确答复或连接的主机没有反应，连接尝试失败。',))

During handling of the above exception, another exception occurred:

Traceback (most recent call last):
  File "E:\Temp\ShadowSocksShare-OpenShift\app\ss\ss_free.py", line 239, in main
    data, info = website()
  File "E:\Temp\ShadowSocksShare-OpenShift\app\ss\ss_free.py", line 212, in request_free_ss_site
    print(respond.text)
UnboundLocalError: local variable 'respond' referenced before assignment
ERROR:root:name 'requests' is not defined
Traceback (most recent call last):
  File "E:\Temp\ShadowSocksShare-OpenShift\app\ss\ss_free.py", line 62, in request_url
    response = requests.get(url, headers=headers, verify=False).text
NameError: name 'requests' is not defined
ERROR:root:name 'requests' is not defined
Traceback (most recent call last):
  File "E:\Temp\ShadowSocksShare-OpenShift\app\ss\ss_free.py", line 62, in request_url
    response = requests.get(url, headers=headers, verify=False).text
NameError: name 'requests' is not defined
ERROR:root:name 'requests' is not defined
Traceback (most recent call last):
  File "E:\Temp\ShadowSocksShare-OpenShift\app\ss\ss_free.py", line 62, in request_url
    response = requests.get(url, headers=headers, verify=False).text
NameError: name 'requests' is not defined
ERROR:root:name 'requests' is not defined
Traceback (most recent call last):
  File "E:\Temp\ShadowSocksShare-OpenShift\app\ss\ss_free.py", line 62, in request_url
    response = requests.get(url, headers=headers, verify=False).text
NameError: name 'requests' is not defined
ERROR:root:name 'requests' is not defined
Traceback (most recent call last):
  File "E:\Temp\ShadowSocksShare-OpenShift\app\ss\ss_free.py", line 62, in request_url
    response = requests.get(url, headers=headers, verify=False).text
NameError: name 'requests' is not defined
ERROR:root:name 'requests' is not defined
Traceback (most recent call last):
  File "E:\Temp\ShadowSocksShare-OpenShift\app\ss\ss_free.py", line 62, in request_url
    response = requests.get(url, headers=headers, verify=False).text
NameError: name 'requests' is not defined
ERROR:root:name 'requests' is not defined
Traceback (most recent call last):
  File "E:\Temp\ShadowSocksShare-OpenShift\app\ss\ss_free.py", line 85, in request_doub_url
    html = requests.get(url, headers=HEADERS)
NameError: name 'requests' is not defined
Stack (most recent call last):
  File "C:\Users\NiuHe\Anaconda3\lib\threading.py", line 884, in _bootstrap
    self._bootstrap_inner()
  File "C:\Users\NiuHe\Anaconda3\lib\threading.py", line 916, in _bootstrap_inner
    self.run()
  File "C:\Users\NiuHe\Anaconda3\lib\threading.py", line 864, in run
    self._target(*self._args, **self._kwargs)
  File "E:\Temp\ShadowSocksShare-OpenShift\app\views.py", line 34, in update_servers
    servers = ss_free.main()
  File "E:\Temp\ShadowSocksShare-OpenShift\app\ss\ss_free.py", line 232, in main
    websites.extend([(i, HEADERS, i[-1]) for i in request_doub_url()])
  File "E:\Temp\ShadowSocksShare-OpenShift\app\ss\ss_free.py", line 91, in request_doub_url
    logging.exception(e, stack_info=True)
ERROR:root:name 'requests' is not defined
Traceback (most recent call last):
  File "E:\Temp\ShadowSocksShare-OpenShift\app\ss\ss_free.py", line 101, in request_iss
    data = requests.get(url)
NameError: name 'requests' is not defined
Stack (most recent call last):
  File "C:\Users\NiuHe\Anaconda3\lib\threading.py", line 884, in _bootstrap
    self._bootstrap_inner()
  File "C:\Users\NiuHe\Anaconda3\lib\threading.py", line 916, in _bootstrap_inner
    self.run()
  File "C:\Users\NiuHe\Anaconda3\lib\threading.py", line 864, in run
    self._target(*self._args, **self._kwargs)
  File "E:\Temp\ShadowSocksShare-OpenShift\app\views.py", line 34, in update_servers
    servers = ss_free.main()
  File "E:\Temp\ShadowSocksShare-OpenShift\app\ss\ss_free.py", line 239, in main
    data, info = website()
  File "E:\Temp\ShadowSocksShare-OpenShift\app\ss\ss_free.py", line 104, in request_iss
    logging.exception(e, stack_info=True)
ERROR:root:('Connection aborted.', ConnectionResetError(10054, '远程主机强迫关闭了一个现有的连接。', None, 10054, None))http://my.freess.org/
ERROR:root:name 'requests' is not defined
Traceback (most recent call last):
  File "E:\Temp\ShadowSocksShare-OpenShift\app\ss\ss_free.py", line 182, in request_fq123
    data = re.split('\s*\n\s*', requests.get(url).text.split('```')[1].strip())
NameError: name 'requests' is not defined
Stack (most recent call last):
  File "C:\Users\NiuHe\Anaconda3\lib\threading.py", line 884, in _bootstrap
    self._bootstrap_inner()
  File "C:\Users\NiuHe\Anaconda3\lib\threading.py", line 916, in _bootstrap_inner
    self.run()
  File "C:\Users\NiuHe\Anaconda3\lib\threading.py", line 864, in run
    self._target(*self._args, **self._kwargs)
  File "E:\Temp\ShadowSocksShare-OpenShift\app\views.py", line 34, in update_servers
    servers = ss_free.main()
  File "E:\Temp\ShadowSocksShare-OpenShift\app\ss\ss_free.py", line 239, in main
    data, info = website()
  File "E:\Temp\ShadowSocksShare-OpenShift\app\ss\ss_free.py", line 192, in request_fq123
    logging.exception(e, stack_info=True)
ERROR:root:HTTPSConnectionPool(host='free-ss.site', port=443): Max retries exceeded with url: /ss.json (Caused by NewConnectionError('<urllib3.connection.VerifiedHTTPSConnection object at 0x0000027E3822E7F0>: Failed to establish a new connection: [WinError 10060] 由于连接方在一段时间后没有正确答复或连接的主机没有反应，连接尝试失败。',))
Traceback (most recent call last):
  File "C:\Users\NiuHe\Anaconda3\lib\site-packages\urllib3\connection.py", line 141, in _new_conn
    (self.host, self.port), self.timeout, **extra_kw)
  File "C:\Users\NiuHe\Anaconda3\lib\site-packages\urllib3\util\connection.py", line 83, in create_connection
    raise err
  File "C:\Users\NiuHe\Anaconda3\lib\site-packages\urllib3\util\connection.py", line 73, in create_connection
    sock.connect(sa)
TimeoutError: [WinError 10060] 由于连接方在一段时间后没有正确答复或连接的主机没有反应，连接尝试失败。

During handling of the above exception, another exception occurred:

Traceback (most recent call last):
  File "C:\Users\NiuHe\Anaconda3\lib\site-packages\urllib3\connectionpool.py", line 601, in urlopen
    chunked=chunked)
  File "C:\Users\NiuHe\Anaconda3\lib\site-packages\urllib3\connectionpool.py", line 346, in _make_request
    self._validate_conn(conn)
  File "C:\Users\NiuHe\Anaconda3\lib\site-packages\urllib3\connectionpool.py", line 850, in _validate_conn
    conn.connect()
  File "C:\Users\NiuHe\Anaconda3\lib\site-packages\urllib3\connection.py", line 284, in connect
    conn = self._new_conn()
  File "C:\Users\NiuHe\Anaconda3\lib\site-packages\urllib3\connection.py", line 150, in _new_conn
    self, "Failed to establish a new connection: %s" % e)
urllib3.exceptions.NewConnectionError: <urllib3.connection.VerifiedHTTPSConnection object at 0x0000027E3822E7F0>: Failed to establish a new connection: [WinError 10060] 由于连接方在一段时间后没有正确答复或连接的主机没有反应，连接尝试失败。

During handling of the above exception, another exception occurred:

Traceback (most recent call last):
  File "C:\Users\NiuHe\Anaconda3\lib\site-packages\requests\adapters.py", line 440, in send
    timeout=timeout
  File "C:\Users\NiuHe\Anaconda3\lib\site-packages\urllib3\connectionpool.py", line 639, in urlopen
    _stacktrace=sys.exc_info()[2])
  File "C:\Users\NiuHe\Anaconda3\lib\site-packages\urllib3\util\retry.py", line 388, in increment
    raise MaxRetryError(_pool, url, error or ResponseError(cause))
urllib3.exceptions.MaxRetryError: HTTPSConnectionPool(host='free-ss.site', port=443): Max retries exceeded with url: /ss.json (Caused by NewConnectionError('<urllib3.connection.VerifiedHTTPSConnection object at 0x0000027E3822E7F0>: Failed to establish a new connection: [WinError 10060] 由于连接方在一段时间后没有正确答复或连接的主机没有反应，连接尝试失败。',))

During handling of the above exception, another exception occurred:

Traceback (most recent call last):
  File "E:\Temp\ShadowSocksShare-OpenShift\app\ss\ss_free.py", line 201, in request_free_ss_site
    respond = cf_request(url, headers=headers)
  File "E:\Temp\ShadowSocksShare-OpenShift\app\ss\tools.py", line 9, in cf_request
    response = scraper.get(url)
  File "C:\Users\NiuHe\Anaconda3\lib\site-packages\requests\sessions.py", line 521, in get
    return self.request('GET', url, **kwargs)
  File "C:\Users\NiuHe\Anaconda3\lib\site-packages\cfscrape\__init__.py", line 64, in request
    resp = super(CloudflareScraper, self).request(method, url, *args, **kwargs)
  File "C:\Users\NiuHe\Anaconda3\lib\site-packages\requests\sessions.py", line 508, in request
    resp = self.send(prep, **send_kwargs)
  File "C:\Users\NiuHe\Anaconda3\lib\site-packages\requests\sessions.py", line 618, in send
    r = adapter.send(request, **kwargs)
  File "C:\Users\NiuHe\Anaconda3\lib\site-packages\requests\adapters.py", line 508, in send
    raise ConnectionError(e, request=request)
requests.exceptions.ConnectionError: HTTPSConnectionPool(host='free-ss.site', port=443): Max retries exceeded with url: /ss.json (Caused by NewConnectionError('<urllib3.connection.VerifiedHTTPSConnection object at 0x0000027E3822E7F0>: Failed to establish a new connection: [WinError 10060] 由于连接方在一段时间后没有正确答复或连接的主机没有反应，连接尝试失败。',))
Stack (most recent call last):
  File "C:\Users\NiuHe\Anaconda3\lib\threading.py", line 884, in _bootstrap
    self._bootstrap_inner()
  File "C:\Users\NiuHe\Anaconda3\lib\threading.py", line 916, in _bootstrap_inner
    self.run()
  File "C:\Users\NiuHe\Anaconda3\lib\threading.py", line 864, in run
    self._target(*self._args, **self._kwargs)
  File "E:\Temp\ShadowSocksShare-OpenShift\app\views.py", line 34, in update_servers
    servers = ss_free.main()
  File "E:\Temp\ShadowSocksShare-OpenShift\app\ss\ss_free.py", line 239, in main
    data, info = website()
  File "E:\Temp\ShadowSocksShare-OpenShift\app\ss\ss_free.py", line 211, in request_free_ss_site
    logging.exception(e, stack_info=True)
ERROR:root:local variable 'respond' referenced before assignment
Traceback (most recent call last):
  File "C:\Users\NiuHe\Anaconda3\lib\site-packages\urllib3\connection.py", line 141, in _new_conn
    (self.host, self.port), self.timeout, **extra_kw)
  File "C:\Users\NiuHe\Anaconda3\lib\site-packages\urllib3\util\connection.py", line 83, in create_connection
    raise err
  File "C:\Users\NiuHe\Anaconda3\lib\site-packages\urllib3\util\connection.py", line 73, in create_connection
    sock.connect(sa)
TimeoutError: [WinError 10060] 由于连接方在一段时间后没有正确答复或连接的主机没有反应，连接尝试失败。

During handling of the above exception, another exception occurred:

Traceback (most recent call last):
  File "C:\Users\NiuHe\Anaconda3\lib\site-packages\urllib3\connectionpool.py", line 601, in urlopen
    chunked=chunked)
  File "C:\Users\NiuHe\Anaconda3\lib\site-packages\urllib3\connectionpool.py", line 346, in _make_request
    self._validate_conn(conn)
  File "C:\Users\NiuHe\Anaconda3\lib\site-packages\urllib3\connectionpool.py", line 850, in _validate_conn
    conn.connect()
  File "C:\Users\NiuHe\Anaconda3\lib\site-packages\urllib3\connection.py", line 284, in connect
    conn = self._new_conn()
  File "C:\Users\NiuHe\Anaconda3\lib\site-packages\urllib3\connection.py", line 150, in _new_conn
    self, "Failed to establish a new connection: %s" % e)
urllib3.exceptions.NewConnectionError: <urllib3.connection.VerifiedHTTPSConnection object at 0x0000027E3822E7F0>: Failed to establish a new connection: [WinError 10060] 由于连接方在一段时间后没有正确答复或连接的主机没有反应，连接尝试失败。

During handling of the above exception, another exception occurred:

Traceback (most recent call last):
  File "C:\Users\NiuHe\Anaconda3\lib\site-packages\requests\adapters.py", line 440, in send
    timeout=timeout
  File "C:\Users\NiuHe\Anaconda3\lib\site-packages\urllib3\connectionpool.py", line 639, in urlopen
    _stacktrace=sys.exc_info()[2])
  File "C:\Users\NiuHe\Anaconda3\lib\site-packages\urllib3\util\retry.py", line 388, in increment
    raise MaxRetryError(_pool, url, error or ResponseError(cause))
urllib3.exceptions.MaxRetryError: HTTPSConnectionPool(host='free-ss.site', port=443): Max retries exceeded with url: /ss.json (Caused by NewConnectionError('<urllib3.connection.VerifiedHTTPSConnection object at 0x0000027E3822E7F0>: Failed to establish a new connection: [WinError 10060] 由于连接方在一段时间后没有正确答复或连接的主机没有反应，连接尝试失败。',))

During handling of the above exception, another exception occurred:

Traceback (most recent call last):
  File "E:\Temp\ShadowSocksShare-OpenShift\app\ss\ss_free.py", line 201, in request_free_ss_site
    respond = cf_request(url, headers=headers)
  File "E:\Temp\ShadowSocksShare-OpenShift\app\ss\tools.py", line 9, in cf_request
    response = scraper.get(url)
  File "C:\Users\NiuHe\Anaconda3\lib\site-packages\requests\sessions.py", line 521, in get
    return self.request('GET', url, **kwargs)
  File "C:\Users\NiuHe\Anaconda3\lib\site-packages\cfscrape\__init__.py", line 64, in request
    resp = super(CloudflareScraper, self).request(method, url, *args, **kwargs)
  File "C:\Users\NiuHe\Anaconda3\lib\site-packages\requests\sessions.py", line 508, in request
    resp = self.send(prep, **send_kwargs)
  File "C:\Users\NiuHe\Anaconda3\lib\site-packages\requests\sessions.py", line 618, in send
    r = adapter.send(request, **kwargs)
  File "C:\Users\NiuHe\Anaconda3\lib\site-packages\requests\adapters.py", line 508, in send
    raise ConnectionError(e, request=request)
requests.exceptions.ConnectionError: HTTPSConnectionPool(host='free-ss.site', port=443): Max retries exceeded with url: /ss.json (Caused by NewConnectionError('<urllib3.connection.VerifiedHTTPSConnection object at 0x0000027E3822E7F0>: Failed to establish a new connection: [WinError 10060] 由于连接方在一段时间后没有正确答复或连接的主机没有反应，连接尝试失败。',))

During handling of the above exception, another exception occurred:

Traceback (most recent call last):
  File "E:\Temp\ShadowSocksShare-OpenShift\app\ss\ss_free.py", line 239, in main
    data, info = website()
  File "E:\Temp\ShadowSocksShare-OpenShift\app\ss\ss_free.py", line 212, in request_free_ss_site
    print(respond.text)
UnboundLocalError: local variable 'respond' referenced before assignment
ERROR:root:name 'requests' is not defined
Traceback (most recent call last):
  File "E:\Temp\ShadowSocksShare-OpenShift\app\ss\ss_free.py", line 62, in request_url
    response = requests.get(url, headers=headers, verify=False).text
NameError: name 'requests' is not defined
ERROR:root:name 'requests' is not defined
Traceback (most recent call last):
  File "E:\Temp\ShadowSocksShare-OpenShift\app\ss\ss_free.py", line 62, in request_url
    response = requests.get(url, headers=headers, verify=False).text
NameError: name 'requests' is not defined
ERROR:root:name 'requests' is not defined
Traceback (most recent call last):
  File "E:\Temp\ShadowSocksShare-OpenShift\app\ss\ss_free.py", line 62, in request_url
    response = requests.get(url, headers=headers, verify=False).text
NameError: name 'requests' is not defined
ERROR:root:name 'requests' is not defined
Traceback (most recent call last):
  File "E:\Temp\ShadowSocksShare-OpenShift\app\ss\ss_free.py", line 62, in request_url
    response = requests.get(url, headers=headers, verify=False).text
NameError: name 'requests' is not defined
ERROR:root:name 'requests' is not defined
Traceback (most recent call last):
  File "E:\Temp\ShadowSocksShare-OpenShift\app\ss\ss_free.py", line 62, in request_url
    response = requests.get(url, headers=headers, verify=False).text
NameError: name 'requests' is not defined
ERROR:root:name 'requests' is not defined
Traceback (most recent call last):
  File "E:\Temp\ShadowSocksShare-OpenShift\app\ss\ss_free.py", line 62, in request_url
    response = requests.get(url, headers=headers, verify=False).text
NameError: name 'requests' is not defined
ERROR:root:name 'requests' is not defined
Traceback (most recent call last):
  File "E:\Temp\ShadowSocksShare-OpenShift\app\ss\ss_free.py", line 85, in request_doub_url
    html = requests.get(url, headers=HEADERS)
NameError: name 'requests' is not defined
Stack (most recent call last):
  File "C:\Users\NiuHe\Anaconda3\lib\threading.py", line 884, in _bootstrap
    self._bootstrap_inner()
  File "C:\Users\NiuHe\Anaconda3\lib\threading.py", line 916, in _bootstrap_inner
    self.run()
  File "C:\Users\NiuHe\Anaconda3\lib\threading.py", line 864, in run
    self._target(*self._args, **self._kwargs)
  File "E:\Temp\ShadowSocksShare-OpenShift\app\views.py", line 34, in update_servers
    servers = ss_free.main()
  File "E:\Temp\ShadowSocksShare-OpenShift\app\ss\ss_free.py", line 232, in main
    websites.extend([(i, HEADERS, i[-1]) for i in request_doub_url()])
  File "E:\Temp\ShadowSocksShare-OpenShift\app\ss\ss_free.py", line 91, in request_doub_url
    logging.exception(e, stack_info=True)
ERROR:root:name 'requests' is not defined
Traceback (most recent call last):
  File "E:\Temp\ShadowSocksShare-OpenShift\app\ss\ss_free.py", line 101, in request_iss
    data = requests.get(url)
NameError: name 'requests' is not defined
Stack (most recent call last):
  File "C:\Users\NiuHe\Anaconda3\lib\threading.py", line 884, in _bootstrap
    self._bootstrap_inner()
  File "C:\Users\NiuHe\Anaconda3\lib\threading.py", line 916, in _bootstrap_inner
    self.run()
  File "C:\Users\NiuHe\Anaconda3\lib\threading.py", line 864, in run
    self._target(*self._args, **self._kwargs)
  File "E:\Temp\ShadowSocksShare-OpenShift\app\views.py", line 34, in update_servers
    servers = ss_free.main()
  File "E:\Temp\ShadowSocksShare-OpenShift\app\ss\ss_free.py", line 239, in main
    data, info = website()
  File "E:\Temp\ShadowSocksShare-OpenShift\app\ss\ss_free.py", line 104, in request_iss
    logging.exception(e, stack_info=True)
ERROR:root:name 'requests' is not defined
Traceback (most recent call last):
  File "E:\Temp\ShadowSocksShare-OpenShift\app\ss\ss_free.py", line 182, in request_fq123
    data = re.split('\s*\n\s*', requests.get(url).text.split('```')[1].strip())
NameError: name 'requests' is not defined
Stack (most recent call last):
  File "C:\Users\NiuHe\Anaconda3\lib\threading.py", line 884, in _bootstrap
    self._bootstrap_inner()
  File "C:\Users\NiuHe\Anaconda3\lib\threading.py", line 916, in _bootstrap_inner
    self.run()
  File "C:\Users\NiuHe\Anaconda3\lib\threading.py", line 864, in run
    self._target(*self._args, **self._kwargs)
  File "E:\Temp\ShadowSocksShare-OpenShift\app\views.py", line 34, in update_servers
    servers = ss_free.main()
  File "E:\Temp\ShadowSocksShare-OpenShift\app\ss\ss_free.py", line 239, in main
    data, info = website()
  File "E:\Temp\ShadowSocksShare-OpenShift\app\ss\ss_free.py", line 192, in request_fq123
    logging.exception(e, stack_info=True)
ERROR:root:HTTPSConnectionPool(host='free-ss.site', port=443): Max retries exceeded with url: /ss.json (Caused by NewConnectionError('<urllib3.connection.VerifiedHTTPSConnection object at 0x000001D349C377B8>: Failed to establish a new connection: [WinError 10060] 由于连接方在一段时间后没有正确答复或连接的主机没有反应，连接尝试失败。',))
Traceback (most recent call last):
  File "C:\Users\NiuHe\Anaconda3\lib\site-packages\urllib3\connection.py", line 141, in _new_conn
    (self.host, self.port), self.timeout, **extra_kw)
  File "C:\Users\NiuHe\Anaconda3\lib\site-packages\urllib3\util\connection.py", line 83, in create_connection
    raise err
  File "C:\Users\NiuHe\Anaconda3\lib\site-packages\urllib3\util\connection.py", line 73, in create_connection
    sock.connect(sa)
TimeoutError: [WinError 10060] 由于连接方在一段时间后没有正确答复或连接的主机没有反应，连接尝试失败。

During handling of the above exception, another exception occurred:

Traceback (most recent call last):
  File "C:\Users\NiuHe\Anaconda3\lib\site-packages\urllib3\connectionpool.py", line 601, in urlopen
    chunked=chunked)
  File "C:\Users\NiuHe\Anaconda3\lib\site-packages\urllib3\connectionpool.py", line 346, in _make_request
    self._validate_conn(conn)
  File "C:\Users\NiuHe\Anaconda3\lib\site-packages\urllib3\connectionpool.py", line 850, in _validate_conn
    conn.connect()
  File "C:\Users\NiuHe\Anaconda3\lib\site-packages\urllib3\connection.py", line 284, in connect
    conn = self._new_conn()
  File "C:\Users\NiuHe\Anaconda3\lib\site-packages\urllib3\connection.py", line 150, in _new_conn
    self, "Failed to establish a new connection: %s" % e)
urllib3.exceptions.NewConnectionError: <urllib3.connection.VerifiedHTTPSConnection object at 0x000001D349C377B8>: Failed to establish a new connection: [WinError 10060] 由于连接方在一段时间后没有正确答复或连接的主机没有反应，连接尝试失败。

During handling of the above exception, another exception occurred:

Traceback (most recent call last):
  File "C:\Users\NiuHe\Anaconda3\lib\site-packages\requests\adapters.py", line 440, in send
    timeout=timeout
  File "C:\Users\NiuHe\Anaconda3\lib\site-packages\urllib3\connectionpool.py", line 639, in urlopen
    _stacktrace=sys.exc_info()[2])
  File "C:\Users\NiuHe\Anaconda3\lib\site-packages\urllib3\util\retry.py", line 388, in increment
    raise MaxRetryError(_pool, url, error or ResponseError(cause))
urllib3.exceptions.MaxRetryError: HTTPSConnectionPool(host='free-ss.site', port=443): Max retries exceeded with url: /ss.json (Caused by NewConnectionError('<urllib3.connection.VerifiedHTTPSConnection object at 0x000001D349C377B8>: Failed to establish a new connection: [WinError 10060] 由于连接方在一段时间后没有正确答复或连接的主机没有反应，连接尝试失败。',))

During handling of the above exception, another exception occurred:

Traceback (most recent call last):
  File "E:\Temp\ShadowSocksShare-OpenShift\app\ss\ss_free.py", line 201, in request_free_ss_site
    respond = cf_request(url, headers=headers)
  File "E:\Temp\ShadowSocksShare-OpenShift\app\ss\tools.py", line 9, in cf_request
    response = scraper.get(url)
  File "C:\Users\NiuHe\Anaconda3\lib\site-packages\requests\sessions.py", line 521, in get
    return self.request('GET', url, **kwargs)
  File "C:\Users\NiuHe\Anaconda3\lib\site-packages\cfscrape\__init__.py", line 64, in request
    resp = super(CloudflareScraper, self).request(method, url, *args, **kwargs)
  File "C:\Users\NiuHe\Anaconda3\lib\site-packages\requests\sessions.py", line 508, in request
    resp = self.send(prep, **send_kwargs)
  File "C:\Users\NiuHe\Anaconda3\lib\site-packages\requests\sessions.py", line 618, in send
    r = adapter.send(request, **kwargs)
  File "C:\Users\NiuHe\Anaconda3\lib\site-packages\requests\adapters.py", line 508, in send
    raise ConnectionError(e, request=request)
requests.exceptions.ConnectionError: HTTPSConnectionPool(host='free-ss.site', port=443): Max retries exceeded with url: /ss.json (Caused by NewConnectionError('<urllib3.connection.VerifiedHTTPSConnection object at 0x000001D349C377B8>: Failed to establish a new connection: [WinError 10060] 由于连接方在一段时间后没有正确答复或连接的主机没有反应，连接尝试失败。',))
Stack (most recent call last):
  File "C:\Users\NiuHe\Anaconda3\lib\threading.py", line 884, in _bootstrap
    self._bootstrap_inner()
  File "C:\Users\NiuHe\Anaconda3\lib\threading.py", line 916, in _bootstrap_inner
    self.run()
  File "C:\Users\NiuHe\Anaconda3\lib\threading.py", line 864, in run
    self._target(*self._args, **self._kwargs)
  File "E:\Temp\ShadowSocksShare-OpenShift\app\views.py", line 34, in update_servers
    servers = ss_free.main()
  File "E:\Temp\ShadowSocksShare-OpenShift\app\ss\ss_free.py", line 239, in main
    data, info = website()
  File "E:\Temp\ShadowSocksShare-OpenShift\app\ss\ss_free.py", line 211, in request_free_ss_site
    logging.exception(e, stack_info=True)
ERROR:root:local variable 'respond' referenced before assignment
Traceback (most recent call last):
  File "C:\Users\NiuHe\Anaconda3\lib\site-packages\urllib3\connection.py", line 141, in _new_conn
    (self.host, self.port), self.timeout, **extra_kw)
  File "C:\Users\NiuHe\Anaconda3\lib\site-packages\urllib3\util\connection.py", line 83, in create_connection
    raise err
  File "C:\Users\NiuHe\Anaconda3\lib\site-packages\urllib3\util\connection.py", line 73, in create_connection
    sock.connect(sa)
TimeoutError: [WinError 10060] 由于连接方在一段时间后没有正确答复或连接的主机没有反应，连接尝试失败。

During handling of the above exception, another exception occurred:

Traceback (most recent call last):
  File "C:\Users\NiuHe\Anaconda3\lib\site-packages\urllib3\connectionpool.py", line 601, in urlopen
    chunked=chunked)
  File "C:\Users\NiuHe\Anaconda3\lib\site-packages\urllib3\connectionpool.py", line 346, in _make_request
    self._validate_conn(conn)
  File "C:\Users\NiuHe\Anaconda3\lib\site-packages\urllib3\connectionpool.py", line 850, in _validate_conn
    conn.connect()
  File "C:\Users\NiuHe\Anaconda3\lib\site-packages\urllib3\connection.py", line 284, in connect
    conn = self._new_conn()
  File "C:\Users\NiuHe\Anaconda3\lib\site-packages\urllib3\connection.py", line 150, in _new_conn
    self, "Failed to establish a new connection: %s" % e)
urllib3.exceptions.NewConnectionError: <urllib3.connection.VerifiedHTTPSConnection object at 0x000001D349C377B8>: Failed to establish a new connection: [WinError 10060] 由于连接方在一段时间后没有正确答复或连接的主机没有反应，连接尝试失败。

During handling of the above exception, another exception occurred:

Traceback (most recent call last):
  File "C:\Users\NiuHe\Anaconda3\lib\site-packages\requests\adapters.py", line 440, in send
    timeout=timeout
  File "C:\Users\NiuHe\Anaconda3\lib\site-packages\urllib3\connectionpool.py", line 639, in urlopen
    _stacktrace=sys.exc_info()[2])
  File "C:\Users\NiuHe\Anaconda3\lib\site-packages\urllib3\util\retry.py", line 388, in increment
    raise MaxRetryError(_pool, url, error or ResponseError(cause))
urllib3.exceptions.MaxRetryError: HTTPSConnectionPool(host='free-ss.site', port=443): Max retries exceeded with url: /ss.json (Caused by NewConnectionError('<urllib3.connection.VerifiedHTTPSConnection object at 0x000001D349C377B8>: Failed to establish a new connection: [WinError 10060] 由于连接方在一段时间后没有正确答复或连接的主机没有反应，连接尝试失败。',))

During handling of the above exception, another exception occurred:

Traceback (most recent call last):
  File "E:\Temp\ShadowSocksShare-OpenShift\app\ss\ss_free.py", line 201, in request_free_ss_site
    respond = cf_request(url, headers=headers)
  File "E:\Temp\ShadowSocksShare-OpenShift\app\ss\tools.py", line 9, in cf_request
    response = scraper.get(url)
  File "C:\Users\NiuHe\Anaconda3\lib\site-packages\requests\sessions.py", line 521, in get
    return self.request('GET', url, **kwargs)
  File "C:\Users\NiuHe\Anaconda3\lib\site-packages\cfscrape\__init__.py", line 64, in request
    resp = super(CloudflareScraper, self).request(method, url, *args, **kwargs)
  File "C:\Users\NiuHe\Anaconda3\lib\site-packages\requests\sessions.py", line 508, in request
    resp = self.send(prep, **send_kwargs)
  File "C:\Users\NiuHe\Anaconda3\lib\site-packages\requests\sessions.py", line 618, in send
    r = adapter.send(request, **kwargs)
  File "C:\Users\NiuHe\Anaconda3\lib\site-packages\requests\adapters.py", line 508, in send
    raise ConnectionError(e, request=request)
requests.exceptions.ConnectionError: HTTPSConnectionPool(host='free-ss.site', port=443): Max retries exceeded with url: /ss.json (Caused by NewConnectionError('<urllib3.connection.VerifiedHTTPSConnection object at 0x000001D349C377B8>: Failed to establish a new connection: [WinError 10060] 由于连接方在一段时间后没有正确答复或连接的主机没有反应，连接尝试失败。',))

During handling of the above exception, another exception occurred:

Traceback (most recent call last):
  File "E:\Temp\ShadowSocksShare-OpenShift\app\ss\ss_free.py", line 239, in main
    data, info = website()
  File "E:\Temp\ShadowSocksShare-OpenShift\app\ss\ss_free.py", line 212, in request_free_ss_site
    print(respond.text)
UnboundLocalError: local variable 'respond' referenced before assignment
ERROR:root:name 'requests' is not defined
Traceback (most recent call last):
  File "E:\Temp\ShadowSocksShare-OpenShift\app\ss\ss_free.py", line 62, in request_url
    response = requests.get(url, headers=headers, verify=False).text
NameError: name 'requests' is not defined
ERROR:root:name 'requests' is not defined
Traceback (most recent call last):
  File "E:\Temp\ShadowSocksShare-OpenShift\app\ss\ss_free.py", line 62, in request_url
    response = requests.get(url, headers=headers, verify=False).text
NameError: name 'requests' is not defined
ERROR:root:name 'requests' is not defined
Traceback (most recent call last):
  File "E:\Temp\ShadowSocksShare-OpenShift\app\ss\ss_free.py", line 62, in request_url
    response = requests.get(url, headers=headers, verify=False).text
NameError: name 'requests' is not defined
ERROR:root:name 'requests' is not defined
Traceback (most recent call last):
  File "E:\Temp\ShadowSocksShare-OpenShift\app\ss\ss_free.py", line 62, in request_url
    response = requests.get(url, headers=headers, verify=False).text
NameError: name 'requests' is not defined
ERROR:root:name 'requests' is not defined
Traceback (most recent call last):
  File "E:\Temp\ShadowSocksShare-OpenShift\app\ss\ss_free.py", line 62, in request_url
    response = requests.get(url, headers=headers, verify=False).text
NameError: name 'requests' is not defined
ERROR:root:name 'requests' is not defined
Traceback (most recent call last):
  File "E:\Temp\ShadowSocksShare-OpenShift\app\ss\ss_free.py", line 62, in request_url
    response = requests.get(url, headers=headers, verify=False).text
NameError: name 'requests' is not defined
ERROR:root:HTTPSConnectionPool(host='plus.google.com', port=443): Max retries exceeded with url: /communities/104092405342699579599/stream/8a593591-2091-4096-bb00-7d9c5659db93 (Caused by NewConnectionError('<urllib3.connection.VerifiedHTTPSConnection object at 0x000002A3B6459A58>: Failed to establish a new connection: [WinError 10060] 由于连接方在一段时间后没有正确答复或连接的主机没有反应，连接尝试失败。',))
Traceback (most recent call last):
  File "C:\Users\NiuHe\Anaconda3\lib\site-packages\urllib3\connection.py", line 141, in _new_conn
    (self.host, self.port), self.timeout, **extra_kw)
  File "C:\Users\NiuHe\Anaconda3\lib\site-packages\urllib3\util\connection.py", line 83, in create_connection
    raise err
  File "C:\Users\NiuHe\Anaconda3\lib\site-packages\urllib3\util\connection.py", line 73, in create_connection
    sock.connect(sa)
TimeoutError: [WinError 10060] 由于连接方在一段时间后没有正确答复或连接的主机没有反应，连接尝试失败。

During handling of the above exception, another exception occurred:

Traceback (most recent call last):
  File "C:\Users\NiuHe\Anaconda3\lib\site-packages\urllib3\connectionpool.py", line 601, in urlopen
    chunked=chunked)
  File "C:\Users\NiuHe\Anaconda3\lib\site-packages\urllib3\connectionpool.py", line 346, in _make_request
    self._validate_conn(conn)
  File "C:\Users\NiuHe\Anaconda3\lib\site-packages\urllib3\connectionpool.py", line 850, in _validate_conn
    conn.connect()
  File "C:\Users\NiuHe\Anaconda3\lib\site-packages\urllib3\connection.py", line 284, in connect
    conn = self._new_conn()
  File "C:\Users\NiuHe\Anaconda3\lib\site-packages\urllib3\connection.py", line 150, in _new_conn
    self, "Failed to establish a new connection: %s" % e)
urllib3.exceptions.NewConnectionError: <urllib3.connection.VerifiedHTTPSConnection object at 0x000002A3B6459A58>: Failed to establish a new connection: [WinError 10060] 由于连接方在一段时间后没有正确答复或连接的主机没有反应，连接尝试失败。

During handling of the above exception, another exception occurred:

Traceback (most recent call last):
  File "C:\Users\NiuHe\Anaconda3\lib\site-packages\requests\adapters.py", line 440, in send
    timeout=timeout
  File "C:\Users\NiuHe\Anaconda3\lib\site-packages\urllib3\connectionpool.py", line 639, in urlopen
    _stacktrace=sys.exc_info()[2])
  File "C:\Users\NiuHe\Anaconda3\lib\site-packages\urllib3\util\retry.py", line 388, in increment
    raise MaxRetryError(_pool, url, error or ResponseError(cause))
urllib3.exceptions.MaxRetryError: HTTPSConnectionPool(host='plus.google.com', port=443): Max retries exceeded with url: /communities/104092405342699579599/stream/8a593591-2091-4096-bb00-7d9c5659db93 (Caused by NewConnectionError('<urllib3.connection.VerifiedHTTPSConnection object at 0x000002A3B6459A58>: Failed to establish a new connection: [WinError 10060] 由于连接方在一段时间后没有正确答复或连接的主机没有反应，连接尝试失败。',))

During handling of the above exception, another exception occurred:

Traceback (most recent call last):
  File "E:\Temp\ShadowSocksShare-OpenShift\app\ss\ss_free.py", line 134, in request_url
    response = requests.get(url, headers=headers, verify=False).text
  File "C:\Users\NiuHe\Anaconda3\lib\site-packages\requests\api.py", line 72, in get
    return request('get', url, params=params, **kwargs)
  File "C:\Users\NiuHe\Anaconda3\lib\site-packages\requests\api.py", line 58, in request
    return session.request(method=method, url=url, **kwargs)
  File "C:\Users\NiuHe\Anaconda3\lib\site-packages\requests\sessions.py", line 508, in request
    resp = self.send(prep, **send_kwargs)
  File "C:\Users\NiuHe\Anaconda3\lib\site-packages\requests\sessions.py", line 618, in send
    r = adapter.send(request, **kwargs)
  File "C:\Users\NiuHe\Anaconda3\lib\site-packages\requests\adapters.py", line 508, in send
    raise ConnectionError(e, request=request)
requests.exceptions.ConnectionError: HTTPSConnectionPool(host='plus.google.com', port=443): Max retries exceeded with url: /communities/104092405342699579599/stream/8a593591-2091-4096-bb00-7d9c5659db93 (Caused by NewConnectionError('<urllib3.connection.VerifiedHTTPSConnection object at 0x000002A3B6459A58>: Failed to establish a new connection: [WinError 10060] 由于连接方在一段时间后没有正确答复或连接的主机没有反应，连接尝试失败。',))
ERROR:root:HTTPSConnectionPool(host='plus.google.com', port=443): Max retries exceeded with url: /communities/109204483693184691558 (Caused by NewConnectionError('<urllib3.connection.VerifiedHTTPSConnection object at 0x000002A3B6524C50>: Failed to establish a new connection: [WinError 10060] 由于连接方在一段时间后没有正确答复或连接的主机没有反应，连接尝试失败。',))
Traceback (most recent call last):
  File "C:\Users\NiuHe\Anaconda3\lib\site-packages\urllib3\connection.py", line 141, in _new_conn
    (self.host, self.port), self.timeout, **extra_kw)
  File "C:\Users\NiuHe\Anaconda3\lib\site-packages\urllib3\util\connection.py", line 83, in create_connection
    raise err
  File "C:\Users\NiuHe\Anaconda3\lib\site-packages\urllib3\util\connection.py", line 73, in create_connection
    sock.connect(sa)
TimeoutError: [WinError 10060] 由于连接方在一段时间后没有正确答复或连接的主机没有反应，连接尝试失败。

During handling of the above exception, another exception occurred:

Traceback (most recent call last):
  File "C:\Users\NiuHe\Anaconda3\lib\site-packages\urllib3\connectionpool.py", line 601, in urlopen
    chunked=chunked)
  File "C:\Users\NiuHe\Anaconda3\lib\site-packages\urllib3\connectionpool.py", line 346, in _make_request
    self._validate_conn(conn)
  File "C:\Users\NiuHe\Anaconda3\lib\site-packages\urllib3\connectionpool.py", line 850, in _validate_conn
    conn.connect()
  File "C:\Users\NiuHe\Anaconda3\lib\site-packages\urllib3\connection.py", line 284, in connect
    conn = self._new_conn()
  File "C:\Users\NiuHe\Anaconda3\lib\site-packages\urllib3\connection.py", line 150, in _new_conn
    self, "Failed to establish a new connection: %s" % e)
urllib3.exceptions.NewConnectionError: <urllib3.connection.VerifiedHTTPSConnection object at 0x000002A3B6524C50>: Failed to establish a new connection: [WinError 10060] 由于连接方在一段时间后没有正确答复或连接的主机没有反应，连接尝试失败。

During handling of the above exception, another exception occurred:

Traceback (most recent call last):
  File "C:\Users\NiuHe\Anaconda3\lib\site-packages\requests\adapters.py", line 440, in send
    timeout=timeout
  File "C:\Users\NiuHe\Anaconda3\lib\site-packages\urllib3\connectionpool.py", line 639, in urlopen
    _stacktrace=sys.exc_info()[2])
  File "C:\Users\NiuHe\Anaconda3\lib\site-packages\urllib3\util\retry.py", line 388, in increment
    raise MaxRetryError(_pool, url, error or ResponseError(cause))
urllib3.exceptions.MaxRetryError: HTTPSConnectionPool(host='plus.google.com', port=443): Max retries exceeded with url: /communities/109204483693184691558 (Caused by NewConnectionError('<urllib3.connection.VerifiedHTTPSConnection object at 0x000002A3B6524C50>: Failed to establish a new connection: [WinError 10060] 由于连接方在一段时间后没有正确答复或连接的主机没有反应，连接尝试失败。',))

During handling of the above exception, another exception occurred:

Traceback (most recent call last):
  File "E:\Temp\ShadowSocksShare-OpenShift\app\ss\ss_free.py", line 134, in request_url
    response = requests.get(url, headers=headers, verify=False).text
  File "C:\Users\NiuHe\Anaconda3\lib\site-packages\requests\api.py", line 72, in get
    return request('get', url, params=params, **kwargs)
  File "C:\Users\NiuHe\Anaconda3\lib\site-packages\requests\api.py", line 58, in request
    return session.request(method=method, url=url, **kwargs)
  File "C:\Users\NiuHe\Anaconda3\lib\site-packages\requests\sessions.py", line 508, in request
    resp = self.send(prep, **send_kwargs)
  File "C:\Users\NiuHe\Anaconda3\lib\site-packages\requests\sessions.py", line 618, in send
    r = adapter.send(request, **kwargs)
  File "C:\Users\NiuHe\Anaconda3\lib\site-packages\requests\adapters.py", line 508, in send
    raise ConnectionError(e, request=request)
requests.exceptions.ConnectionError: HTTPSConnectionPool(host='plus.google.com', port=443): Max retries exceeded with url: /communities/109204483693184691558 (Caused by NewConnectionError('<urllib3.connection.VerifiedHTTPSConnection object at 0x000002A3B6524C50>: Failed to establish a new connection: [WinError 10060] 由于连接方在一段时间后没有正确答复或连接的主机没有反应，连接尝试失败。',))
ERROR:root:HTTPSConnectionPool(host='plus.google.com', port=443): Max retries exceeded with url: /communities/117702818760720009772/stream/47c69db4-9362-4d91-a017-97f3be948437 (Caused by NewConnectionError('<urllib3.connection.VerifiedHTTPSConnection object at 0x000002A3B65742B0>: Failed to establish a new connection: [WinError 10060] 由于连接方在一段时间后没有正确答复或连接的主机没有反应，连接尝试失败。',))
Traceback (most recent call last):
  File "C:\Users\NiuHe\Anaconda3\lib\site-packages\urllib3\connection.py", line 141, in _new_conn
    (self.host, self.port), self.timeout, **extra_kw)
  File "C:\Users\NiuHe\Anaconda3\lib\site-packages\urllib3\util\connection.py", line 83, in create_connection
    raise err
  File "C:\Users\NiuHe\Anaconda3\lib\site-packages\urllib3\util\connection.py", line 73, in create_connection
    sock.connect(sa)
TimeoutError: [WinError 10060] 由于连接方在一段时间后没有正确答复或连接的主机没有反应，连接尝试失败。

During handling of the above exception, another exception occurred:

Traceback (most recent call last):
  File "C:\Users\NiuHe\Anaconda3\lib\site-packages\urllib3\connectionpool.py", line 601, in urlopen
    chunked=chunked)
  File "C:\Users\NiuHe\Anaconda3\lib\site-packages\urllib3\connectionpool.py", line 346, in _make_request
    self._validate_conn(conn)
  File "C:\Users\NiuHe\Anaconda3\lib\site-packages\urllib3\connectionpool.py", line 850, in _validate_conn
    conn.connect()
  File "C:\Users\NiuHe\Anaconda3\lib\site-packages\urllib3\connection.py", line 284, in connect
    conn = self._new_conn()
  File "C:\Users\NiuHe\Anaconda3\lib\site-packages\urllib3\connection.py", line 150, in _new_conn
    self, "Failed to establish a new connection: %s" % e)
urllib3.exceptions.NewConnectionError: <urllib3.connection.VerifiedHTTPSConnection object at 0x000002A3B65742B0>: Failed to establish a new connection: [WinError 10060] 由于连接方在一段时间后没有正确答复或连接的主机没有反应，连接尝试失败。

During handling of the above exception, another exception occurred:

Traceback (most recent call last):
  File "C:\Users\NiuHe\Anaconda3\lib\site-packages\requests\adapters.py", line 440, in send
    timeout=timeout
  File "C:\Users\NiuHe\Anaconda3\lib\site-packages\urllib3\connectionpool.py", line 639, in urlopen
    _stacktrace=sys.exc_info()[2])
  File "C:\Users\NiuHe\Anaconda3\lib\site-packages\urllib3\util\retry.py", line 388, in increment
    raise MaxRetryError(_pool, url, error or ResponseError(cause))
urllib3.exceptions.MaxRetryError: HTTPSConnectionPool(host='plus.google.com', port=443): Max retries exceeded with url: /communities/117702818760720009772/stream/47c69db4-9362-4d91-a017-97f3be948437 (Caused by NewConnectionError('<urllib3.connection.VerifiedHTTPSConnection object at 0x000002A3B65742B0>: Failed to establish a new connection: [WinError 10060] 由于连接方在一段时间后没有正确答复或连接的主机没有反应，连接尝试失败。',))

During handling of the above exception, another exception occurred:

Traceback (most recent call last):
  File "E:\Temp\ShadowSocksShare-OpenShift\app\ss\ss_free.py", line 134, in request_url
    response = requests.get(url, headers=headers, verify=False).text
  File "C:\Users\NiuHe\Anaconda3\lib\site-packages\requests\api.py", line 72, in get
    return request('get', url, params=params, **kwargs)
  File "C:\Users\NiuHe\Anaconda3\lib\site-packages\requests\api.py", line 58, in request
    return session.request(method=method, url=url, **kwargs)
  File "C:\Users\NiuHe\Anaconda3\lib\site-packages\requests\sessions.py", line 508, in request
    resp = self.send(prep, **send_kwargs)
  File "C:\Users\NiuHe\Anaconda3\lib\site-packages\requests\sessions.py", line 618, in send
    r = adapter.send(request, **kwargs)
  File "C:\Users\NiuHe\Anaconda3\lib\site-packages\requests\adapters.py", line 508, in send
    raise ConnectionError(e, request=request)
requests.exceptions.ConnectionError: HTTPSConnectionPool(host='plus.google.com', port=443): Max retries exceeded with url: /communities/117702818760720009772/stream/47c69db4-9362-4d91-a017-97f3be948437 (Caused by NewConnectionError('<urllib3.connection.VerifiedHTTPSConnection object at 0x000002A3B65742B0>: Failed to establish a new connection: [WinError 10060] 由于连接方在一段时间后没有正确答复或连接的主机没有反应，连接尝试失败。',))
ERROR:root:HTTPSConnectionPool(host='plus.google.com', port=443): Max retries exceeded with url: /communities/107859708371989171939 (Caused by NewConnectionError('<urllib3.connection.VerifiedHTTPSConnection object at 0x000002A3B6459B00>: Failed to establish a new connection: [WinError 10060] 由于连接方在一段时间后没有正确答复或连接的主机没有反应，连接尝试失败。',))
Traceback (most recent call last):
  File "C:\Users\NiuHe\Anaconda3\lib\site-packages\urllib3\connection.py", line 141, in _new_conn
    (self.host, self.port), self.timeout, **extra_kw)
  File "C:\Users\NiuHe\Anaconda3\lib\site-packages\urllib3\util\connection.py", line 83, in create_connection
    raise err
  File "C:\Users\NiuHe\Anaconda3\lib\site-packages\urllib3\util\connection.py", line 73, in create_connection
    sock.connect(sa)
TimeoutError: [WinError 10060] 由于连接方在一段时间后没有正确答复或连接的主机没有反应，连接尝试失败。

During handling of the above exception, another exception occurred:

Traceback (most recent call last):
  File "C:\Users\NiuHe\Anaconda3\lib\site-packages\urllib3\connectionpool.py", line 601, in urlopen
    chunked=chunked)
  File "C:\Users\NiuHe\Anaconda3\lib\site-packages\urllib3\connectionpool.py", line 346, in _make_request
    self._validate_conn(conn)
  File "C:\Users\NiuHe\Anaconda3\lib\site-packages\urllib3\connectionpool.py", line 850, in _validate_conn
    conn.connect()
  File "C:\Users\NiuHe\Anaconda3\lib\site-packages\urllib3\connection.py", line 284, in connect
    conn = self._new_conn()
  File "C:\Users\NiuHe\Anaconda3\lib\site-packages\urllib3\connection.py", line 150, in _new_conn
    self, "Failed to establish a new connection: %s" % e)
urllib3.exceptions.NewConnectionError: <urllib3.connection.VerifiedHTTPSConnection object at 0x000002A3B6459B00>: Failed to establish a new connection: [WinError 10060] 由于连接方在一段时间后没有正确答复或连接的主机没有反应，连接尝试失败。

During handling of the above exception, another exception occurred:

Traceback (most recent call last):
  File "C:\Users\NiuHe\Anaconda3\lib\site-packages\requests\adapters.py", line 440, in send
    timeout=timeout
  File "C:\Users\NiuHe\Anaconda3\lib\site-packages\urllib3\connectionpool.py", line 639, in urlopen
    _stacktrace=sys.exc_info()[2])
  File "C:\Users\NiuHe\Anaconda3\lib\site-packages\urllib3\util\retry.py", line 388, in increment
    raise MaxRetryError(_pool, url, error or ResponseError(cause))
urllib3.exceptions.MaxRetryError: HTTPSConnectionPool(host='plus.google.com', port=443): Max retries exceeded with url: /communities/107859708371989171939 (Caused by NewConnectionError('<urllib3.connection.VerifiedHTTPSConnection object at 0x000002A3B6459B00>: Failed to establish a new connection: [WinError 10060] 由于连接方在一段时间后没有正确答复或连接的主机没有反应，连接尝试失败。',))

During handling of the above exception, another exception occurred:

Traceback (most recent call last):
  File "E:\Temp\ShadowSocksShare-OpenShift\app\ss\ss_free.py", line 134, in request_url
    response = requests.get(url, headers=headers, verify=False).text
  File "C:\Users\NiuHe\Anaconda3\lib\site-packages\requests\api.py", line 72, in get
    return request('get', url, params=params, **kwargs)
  File "C:\Users\NiuHe\Anaconda3\lib\site-packages\requests\api.py", line 58, in request
    return session.request(method=method, url=url, **kwargs)
  File "C:\Users\NiuHe\Anaconda3\lib\site-packages\requests\sessions.py", line 508, in request
    resp = self.send(prep, **send_kwargs)
  File "C:\Users\NiuHe\Anaconda3\lib\site-packages\requests\sessions.py", line 618, in send
    r = adapter.send(request, **kwargs)
  File "C:\Users\NiuHe\Anaconda3\lib\site-packages\requests\adapters.py", line 508, in send
    raise ConnectionError(e, request=request)
requests.exceptions.ConnectionError: HTTPSConnectionPool(host='plus.google.com', port=443): Max retries exceeded with url: /communities/107859708371989171939 (Caused by NewConnectionError('<urllib3.connection.VerifiedHTTPSConnection object at 0x000002A3B6459B00>: Failed to establish a new connection: [WinError 10060] 由于连接方在一段时间后没有正确答复或连接的主机没有反应，连接尝试失败。',))
ERROR:root:('Connection aborted.', ConnectionResetError(10054, '远程主机强迫关闭了一个现有的连接。', None, 10054, None))
Traceback (most recent call last):
  File "C:\Users\NiuHe\Anaconda3\lib\site-packages\urllib3\connectionpool.py", line 601, in urlopen
    chunked=chunked)
  File "C:\Users\NiuHe\Anaconda3\lib\site-packages\urllib3\connectionpool.py", line 387, in _make_request
    six.raise_from(e, None)
  File "<string>", line 2, in raise_from
  File "C:\Users\NiuHe\Anaconda3\lib\site-packages\urllib3\connectionpool.py", line 383, in _make_request
    httplib_response = conn.getresponse()
  File "C:\Users\NiuHe\Anaconda3\lib\http\client.py", line 1331, in getresponse
    response.begin()
  File "C:\Users\NiuHe\Anaconda3\lib\http\client.py", line 297, in begin
    version, status, reason = self._read_status()
  File "C:\Users\NiuHe\Anaconda3\lib\http\client.py", line 258, in _read_status
    line = str(self.fp.readline(_MAXLINE + 1), "iso-8859-1")
  File "C:\Users\NiuHe\Anaconda3\lib\socket.py", line 586, in readinto
    return self._sock.recv_into(b)
ConnectionResetError: [WinError 10054] 远程主机强迫关闭了一个现有的连接。

During handling of the above exception, another exception occurred:

Traceback (most recent call last):
  File "C:\Users\NiuHe\Anaconda3\lib\site-packages\requests\adapters.py", line 440, in send
    timeout=timeout
  File "C:\Users\NiuHe\Anaconda3\lib\site-packages\urllib3\connectionpool.py", line 639, in urlopen
    _stacktrace=sys.exc_info()[2])
  File "C:\Users\NiuHe\Anaconda3\lib\site-packages\urllib3\util\retry.py", line 357, in increment
    raise six.reraise(type(error), error, _stacktrace)
  File "C:\Users\NiuHe\Anaconda3\lib\site-packages\urllib3\packages\six.py", line 685, in reraise
    raise value.with_traceback(tb)
  File "C:\Users\NiuHe\Anaconda3\lib\site-packages\urllib3\connectionpool.py", line 601, in urlopen
    chunked=chunked)
  File "C:\Users\NiuHe\Anaconda3\lib\site-packages\urllib3\connectionpool.py", line 387, in _make_request
    six.raise_from(e, None)
  File "<string>", line 2, in raise_from
  File "C:\Users\NiuHe\Anaconda3\lib\site-packages\urllib3\connectionpool.py", line 383, in _make_request
    httplib_response = conn.getresponse()
  File "C:\Users\NiuHe\Anaconda3\lib\http\client.py", line 1331, in getresponse
    response.begin()
  File "C:\Users\NiuHe\Anaconda3\lib\http\client.py", line 297, in begin
    version, status, reason = self._read_status()
  File "C:\Users\NiuHe\Anaconda3\lib\http\client.py", line 258, in _read_status
    line = str(self.fp.readline(_MAXLINE + 1), "iso-8859-1")
  File "C:\Users\NiuHe\Anaconda3\lib\socket.py", line 586, in readinto
    return self._sock.recv_into(b)
urllib3.exceptions.ProtocolError: ('Connection aborted.', ConnectionResetError(10054, '远程主机强迫关闭了一个现有的连接。', None, 10054, None))

During handling of the above exception, another exception occurred:

Traceback (most recent call last):
  File "E:\Temp\ShadowSocksShare-OpenShift\app\ss\ss_free.py", line 134, in request_url
    response = requests.get(url, headers=headers, verify=False).text
  File "C:\Users\NiuHe\Anaconda3\lib\site-packages\requests\api.py", line 72, in get
    return request('get', url, params=params, **kwargs)
  File "C:\Users\NiuHe\Anaconda3\lib\site-packages\requests\api.py", line 58, in request
    return session.request(method=method, url=url, **kwargs)
  File "C:\Users\NiuHe\Anaconda3\lib\site-packages\requests\sessions.py", line 508, in request
    resp = self.send(prep, **send_kwargs)
  File "C:\Users\NiuHe\Anaconda3\lib\site-packages\requests\sessions.py", line 618, in send
    r = adapter.send(request, **kwargs)
  File "C:\Users\NiuHe\Anaconda3\lib\site-packages\requests\adapters.py", line 490, in send
    raise ConnectionError(err, request=request)
requests.exceptions.ConnectionError: ('Connection aborted.', ConnectionResetError(10054, '远程主机强迫关闭了一个现有的连接。', None, 10054, None))
ERROR:root:HTTPSConnectionPool(host='doub.io', port=443): Max retries exceeded with url: /sszhfx/comment-page-48/ (Caused by NewConnectionError('<urllib3.connection.VerifiedHTTPSConnection object at 0x000002A3B6574CF8>: Failed to establish a new connection: [WinError 10060] 由于连接方在一段时间后没有正确答复或连接的主机没有反应，连接尝试失败。',))
Traceback (most recent call last):
  File "C:\Users\NiuHe\Anaconda3\lib\site-packages\urllib3\connection.py", line 141, in _new_conn
    (self.host, self.port), self.timeout, **extra_kw)
  File "C:\Users\NiuHe\Anaconda3\lib\site-packages\urllib3\util\connection.py", line 83, in create_connection
    raise err
  File "C:\Users\NiuHe\Anaconda3\lib\site-packages\urllib3\util\connection.py", line 73, in create_connection
    sock.connect(sa)
TimeoutError: [WinError 10060] 由于连接方在一段时间后没有正确答复或连接的主机没有反应，连接尝试失败。

During handling of the above exception, another exception occurred:

Traceback (most recent call last):
  File "C:\Users\NiuHe\Anaconda3\lib\site-packages\urllib3\connectionpool.py", line 601, in urlopen
    chunked=chunked)
  File "C:\Users\NiuHe\Anaconda3\lib\site-packages\urllib3\connectionpool.py", line 346, in _make_request
    self._validate_conn(conn)
  File "C:\Users\NiuHe\Anaconda3\lib\site-packages\urllib3\connectionpool.py", line 850, in _validate_conn
    conn.connect()
  File "C:\Users\NiuHe\Anaconda3\lib\site-packages\urllib3\connection.py", line 284, in connect
    conn = self._new_conn()
  File "C:\Users\NiuHe\Anaconda3\lib\site-packages\urllib3\connection.py", line 150, in _new_conn
    self, "Failed to establish a new connection: %s" % e)
urllib3.exceptions.NewConnectionError: <urllib3.connection.VerifiedHTTPSConnection object at 0x000002A3B6574CF8>: Failed to establish a new connection: [WinError 10060] 由于连接方在一段时间后没有正确答复或连接的主机没有反应，连接尝试失败。

During handling of the above exception, another exception occurred:

Traceback (most recent call last):
  File "C:\Users\NiuHe\Anaconda3\lib\site-packages\requests\adapters.py", line 440, in send
    timeout=timeout
  File "C:\Users\NiuHe\Anaconda3\lib\site-packages\urllib3\connectionpool.py", line 639, in urlopen
    _stacktrace=sys.exc_info()[2])
  File "C:\Users\NiuHe\Anaconda3\lib\site-packages\urllib3\util\retry.py", line 388, in increment
    raise MaxRetryError(_pool, url, error or ResponseError(cause))
urllib3.exceptions.MaxRetryError: HTTPSConnectionPool(host='doub.io', port=443): Max retries exceeded with url: /sszhfx/comment-page-48/ (Caused by NewConnectionError('<urllib3.connection.VerifiedHTTPSConnection object at 0x000002A3B6574CF8>: Failed to establish a new connection: [WinError 10060] 由于连接方在一段时间后没有正确答复或连接的主机没有反应，连接尝试失败。',))

During handling of the above exception, another exception occurred:

Traceback (most recent call last):
  File "E:\Temp\ShadowSocksShare-OpenShift\app\ss\ss_free.py", line 134, in request_url
    response = requests.get(url, headers=headers, verify=False).text
  File "C:\Users\NiuHe\Anaconda3\lib\site-packages\requests\api.py", line 72, in get
    return request('get', url, params=params, **kwargs)
  File "C:\Users\NiuHe\Anaconda3\lib\site-packages\requests\api.py", line 58, in request
    return session.request(method=method, url=url, **kwargs)
  File "C:\Users\NiuHe\Anaconda3\lib\site-packages\requests\sessions.py", line 508, in request
    resp = self.send(prep, **send_kwargs)
  File "C:\Users\NiuHe\Anaconda3\lib\site-packages\requests\sessions.py", line 618, in send
    r = adapter.send(request, **kwargs)
  File "C:\Users\NiuHe\Anaconda3\lib\site-packages\requests\adapters.py", line 508, in send
    raise ConnectionError(e, request=request)
requests.exceptions.ConnectionError: HTTPSConnectionPool(host='doub.io', port=443): Max retries exceeded with url: /sszhfx/comment-page-48/ (Caused by NewConnectionError('<urllib3.connection.VerifiedHTTPSConnection object at 0x000002A3B6574CF8>: Failed to establish a new connection: [WinError 10060] 由于连接方在一段时间后没有正确答复或连接的主机没有反应，连接尝试失败。',))
ERROR:root:HTTPSConnectionPool(host='doub.io', port=443): Max retries exceeded with url: /sszhfx/ (Caused by NewConnectionError('<urllib3.connection.VerifiedHTTPSConnection object at 0x000002A3B65BB4E0>: Failed to establish a new connection: [WinError 10060] 由于连接方在一段时间后没有正确答复或连接的主机没有反应，连接尝试失败。',))
Traceback (most recent call last):
  File "C:\Users\NiuHe\Anaconda3\lib\site-packages\urllib3\connection.py", line 141, in _new_conn
    (self.host, self.port), self.timeout, **extra_kw)
  File "C:\Users\NiuHe\Anaconda3\lib\site-packages\urllib3\util\connection.py", line 83, in create_connection
    raise err
  File "C:\Users\NiuHe\Anaconda3\lib\site-packages\urllib3\util\connection.py", line 73, in create_connection
    sock.connect(sa)
TimeoutError: [WinError 10060] 由于连接方在一段时间后没有正确答复或连接的主机没有反应，连接尝试失败。

During handling of the above exception, another exception occurred:

Traceback (most recent call last):
  File "C:\Users\NiuHe\Anaconda3\lib\site-packages\urllib3\connectionpool.py", line 601, in urlopen
    chunked=chunked)
  File "C:\Users\NiuHe\Anaconda3\lib\site-packages\urllib3\connectionpool.py", line 346, in _make_request
    self._validate_conn(conn)
  File "C:\Users\NiuHe\Anaconda3\lib\site-packages\urllib3\connectionpool.py", line 850, in _validate_conn
    conn.connect()
  File "C:\Users\NiuHe\Anaconda3\lib\site-packages\urllib3\connection.py", line 284, in connect
    conn = self._new_conn()
  File "C:\Users\NiuHe\Anaconda3\lib\site-packages\urllib3\connection.py", line 150, in _new_conn
    self, "Failed to establish a new connection: %s" % e)
urllib3.exceptions.NewConnectionError: <urllib3.connection.VerifiedHTTPSConnection object at 0x000002A3B65BB4E0>: Failed to establish a new connection: [WinError 10060] 由于连接方在一段时间后没有正确答复或连接的主机没有反应，连接尝试失败。

During handling of the above exception, another exception occurred:

Traceback (most recent call last):
  File "C:\Users\NiuHe\Anaconda3\lib\site-packages\requests\adapters.py", line 440, in send
    timeout=timeout
  File "C:\Users\NiuHe\Anaconda3\lib\site-packages\urllib3\connectionpool.py", line 639, in urlopen
    _stacktrace=sys.exc_info()[2])
  File "C:\Users\NiuHe\Anaconda3\lib\site-packages\urllib3\util\retry.py", line 388, in increment
    raise MaxRetryError(_pool, url, error or ResponseError(cause))
urllib3.exceptions.MaxRetryError: HTTPSConnectionPool(host='doub.io', port=443): Max retries exceeded with url: /sszhfx/ (Caused by NewConnectionError('<urllib3.connection.VerifiedHTTPSConnection object at 0x000002A3B65BB4E0>: Failed to establish a new connection: [WinError 10060] 由于连接方在一段时间后没有正确答复或连接的主机没有反应，连接尝试失败。',))

During handling of the above exception, another exception occurred:

Traceback (most recent call last):
  File "E:\Temp\ShadowSocksShare-OpenShift\app\ss\ss_free.py", line 134, in request_url
    response = requests.get(url, headers=headers, verify=False).text
  File "C:\Users\NiuHe\Anaconda3\lib\site-packages\requests\api.py", line 72, in get
    return request('get', url, params=params, **kwargs)
  File "C:\Users\NiuHe\Anaconda3\lib\site-packages\requests\api.py", line 58, in request
    return session.request(method=method, url=url, **kwargs)
  File "C:\Users\NiuHe\Anaconda3\lib\site-packages\requests\sessions.py", line 508, in request
    resp = self.send(prep, **send_kwargs)
  File "C:\Users\NiuHe\Anaconda3\lib\site-packages\requests\sessions.py", line 618, in send
    r = adapter.send(request, **kwargs)
  File "C:\Users\NiuHe\Anaconda3\lib\site-packages\requests\adapters.py", line 508, in send
    raise ConnectionError(e, request=request)
requests.exceptions.ConnectionError: HTTPSConnectionPool(host='doub.io', port=443): Max retries exceeded with url: /sszhfx/ (Caused by NewConnectionError('<urllib3.connection.VerifiedHTTPSConnection object at 0x000002A3B65BB4E0>: Failed to establish a new connection: [WinError 10060] 由于连接方在一段时间后没有正确答复或连接的主机没有反应，连接尝试失败。',))
ERROR:root:HTTPSConnectionPool(host='doub.io', port=443): Max retries exceeded with url: /sszhfx/comment-page-47/ (Caused by NewConnectionError('<urllib3.connection.VerifiedHTTPSConnection object at 0x000002A3B65BBA58>: Failed to establish a new connection: [WinError 10060] 由于连接方在一段时间后没有正确答复或连接的主机没有反应，连接尝试失败。',))
Traceback (most recent call last):
  File "C:\Users\NiuHe\Anaconda3\lib\site-packages\urllib3\connection.py", line 141, in _new_conn
    (self.host, self.port), self.timeout, **extra_kw)
  File "C:\Users\NiuHe\Anaconda3\lib\site-packages\urllib3\util\connection.py", line 83, in create_connection
    raise err
  File "C:\Users\NiuHe\Anaconda3\lib\site-packages\urllib3\util\connection.py", line 73, in create_connection
    sock.connect(sa)
TimeoutError: [WinError 10060] 由于连接方在一段时间后没有正确答复或连接的主机没有反应，连接尝试失败。

During handling of the above exception, another exception occurred:

Traceback (most recent call last):
  File "C:\Users\NiuHe\Anaconda3\lib\site-packages\urllib3\connectionpool.py", line 601, in urlopen
    chunked=chunked)
  File "C:\Users\NiuHe\Anaconda3\lib\site-packages\urllib3\connectionpool.py", line 346, in _make_request
    self._validate_conn(conn)
  File "C:\Users\NiuHe\Anaconda3\lib\site-packages\urllib3\connectionpool.py", line 850, in _validate_conn
    conn.connect()
  File "C:\Users\NiuHe\Anaconda3\lib\site-packages\urllib3\connection.py", line 284, in connect
    conn = self._new_conn()
  File "C:\Users\NiuHe\Anaconda3\lib\site-packages\urllib3\connection.py", line 150, in _new_conn
    self, "Failed to establish a new connection: %s" % e)
urllib3.exceptions.NewConnectionError: <urllib3.connection.VerifiedHTTPSConnection object at 0x000002A3B65BBA58>: Failed to establish a new connection: [WinError 10060] 由于连接方在一段时间后没有正确答复或连接的主机没有反应，连接尝试失败。

During handling of the above exception, another exception occurred:

Traceback (most recent call last):
  File "C:\Users\NiuHe\Anaconda3\lib\site-packages\requests\adapters.py", line 440, in send
    timeout=timeout
  File "C:\Users\NiuHe\Anaconda3\lib\site-packages\urllib3\connectionpool.py", line 639, in urlopen
    _stacktrace=sys.exc_info()[2])
  File "C:\Users\NiuHe\Anaconda3\lib\site-packages\urllib3\util\retry.py", line 388, in increment
    raise MaxRetryError(_pool, url, error or ResponseError(cause))
urllib3.exceptions.MaxRetryError: HTTPSConnectionPool(host='doub.io', port=443): Max retries exceeded with url: /sszhfx/comment-page-47/ (Caused by NewConnectionError('<urllib3.connection.VerifiedHTTPSConnection object at 0x000002A3B65BBA58>: Failed to establish a new connection: [WinError 10060] 由于连接方在一段时间后没有正确答复或连接的主机没有反应，连接尝试失败。',))

During handling of the above exception, another exception occurred:

Traceback (most recent call last):
  File "E:\Temp\ShadowSocksShare-OpenShift\app\ss\ss_free.py", line 134, in request_url
    response = requests.get(url, headers=headers, verify=False).text
  File "C:\Users\NiuHe\Anaconda3\lib\site-packages\requests\api.py", line 72, in get
    return request('get', url, params=params, **kwargs)
  File "C:\Users\NiuHe\Anaconda3\lib\site-packages\requests\api.py", line 58, in request
    return session.request(method=method, url=url, **kwargs)
  File "C:\Users\NiuHe\Anaconda3\lib\site-packages\requests\sessions.py", line 508, in request
    resp = self.send(prep, **send_kwargs)
  File "C:\Users\NiuHe\Anaconda3\lib\site-packages\requests\sessions.py", line 618, in send
    r = adapter.send(request, **kwargs)
  File "C:\Users\NiuHe\Anaconda3\lib\site-packages\requests\adapters.py", line 508, in send
    raise ConnectionError(e, request=request)
requests.exceptions.ConnectionError: HTTPSConnectionPool(host='doub.io', port=443): Max retries exceeded with url: /sszhfx/comment-page-47/ (Caused by NewConnectionError('<urllib3.connection.VerifiedHTTPSConnection object at 0x000002A3B65BBA58>: Failed to establish a new connection: [WinError 10060] 由于连接方在一段时间后没有正确答复或连接的主机没有反应，连接尝试失败。',))
ERROR:root:'status'
Traceback (most recent call last):
  File "E:\Temp\ShadowSocksShare-OpenShift\app\views.py", line 47, in update_servers
    if server['status'] is True:
KeyError: 'status'
Stack (most recent call last):
  File "C:\Users\NiuHe\Anaconda3\lib\threading.py", line 884, in _bootstrap
    self._bootstrap_inner()
  File "C:\Users\NiuHe\Anaconda3\lib\threading.py", line 916, in _bootstrap_inner
    self.run()
  File "C:\Users\NiuHe\Anaconda3\lib\threading.py", line 864, in run
    self._target(*self._args, **self._kwargs)
  File "E:\Temp\ShadowSocksShare-OpenShift\app\views.py", line 56, in update_servers
    logging.exception(e, stack_info=True)
ERROR:root:HTTPSConnectionPool(host='plus.google.com', port=443): Max retries exceeded with url: /communities/104092405342699579599/stream/8a593591-2091-4096-bb00-7d9c5659db93 (Caused by NewConnectionError('<urllib3.connection.VerifiedHTTPSConnection object at 0x000001582D24DA90>: Failed to establish a new connection: [WinError 10060] 由于连接方在一段时间后没有正确答复或连接的主机没有反应，连接尝试失败。',))
Traceback (most recent call last):
  File "C:\Users\NiuHe\Anaconda3\lib\site-packages\urllib3\connection.py", line 141, in _new_conn
    (self.host, self.port), self.timeout, **extra_kw)
  File "C:\Users\NiuHe\Anaconda3\lib\site-packages\urllib3\util\connection.py", line 83, in create_connection
    raise err
  File "C:\Users\NiuHe\Anaconda3\lib\site-packages\urllib3\util\connection.py", line 73, in create_connection
    sock.connect(sa)
TimeoutError: [WinError 10060] 由于连接方在一段时间后没有正确答复或连接的主机没有反应，连接尝试失败。

During handling of the above exception, another exception occurred:

Traceback (most recent call last):
  File "C:\Users\NiuHe\Anaconda3\lib\site-packages\urllib3\connectionpool.py", line 601, in urlopen
    chunked=chunked)
  File "C:\Users\NiuHe\Anaconda3\lib\site-packages\urllib3\connectionpool.py", line 346, in _make_request
    self._validate_conn(conn)
  File "C:\Users\NiuHe\Anaconda3\lib\site-packages\urllib3\connectionpool.py", line 850, in _validate_conn
    conn.connect()
  File "C:\Users\NiuHe\Anaconda3\lib\site-packages\urllib3\connection.py", line 284, in connect
    conn = self._new_conn()
  File "C:\Users\NiuHe\Anaconda3\lib\site-packages\urllib3\connection.py", line 150, in _new_conn
    self, "Failed to establish a new connection: %s" % e)
urllib3.exceptions.NewConnectionError: <urllib3.connection.VerifiedHTTPSConnection object at 0x000001582D24DA90>: Failed to establish a new connection: [WinError 10060] 由于连接方在一段时间后没有正确答复或连接的主机没有反应，连接尝试失败。

During handling of the above exception, another exception occurred:

Traceback (most recent call last):
  File "C:\Users\NiuHe\Anaconda3\lib\site-packages\requests\adapters.py", line 440, in send
    timeout=timeout
  File "C:\Users\NiuHe\Anaconda3\lib\site-packages\urllib3\connectionpool.py", line 639, in urlopen
    _stacktrace=sys.exc_info()[2])
  File "C:\Users\NiuHe\Anaconda3\lib\site-packages\urllib3\util\retry.py", line 388, in increment
    raise MaxRetryError(_pool, url, error or ResponseError(cause))
urllib3.exceptions.MaxRetryError: HTTPSConnectionPool(host='plus.google.com', port=443): Max retries exceeded with url: /communities/104092405342699579599/stream/8a593591-2091-4096-bb00-7d9c5659db93 (Caused by NewConnectionError('<urllib3.connection.VerifiedHTTPSConnection object at 0x000001582D24DA90>: Failed to establish a new connection: [WinError 10060] 由于连接方在一段时间后没有正确答复或连接的主机没有反应，连接尝试失败。',))

During handling of the above exception, another exception occurred:

Traceback (most recent call last):
  File "E:\Temp\ShadowSocksShare-OpenShift\app\ss\ss_free.py", line 134, in request_url
    response = requests.get(url, headers=headers, verify=False).text
  File "C:\Users\NiuHe\Anaconda3\lib\site-packages\requests\api.py", line 72, in get
    return request('get', url, params=params, **kwargs)
  File "C:\Users\NiuHe\Anaconda3\lib\site-packages\requests\api.py", line 58, in request
    return session.request(method=method, url=url, **kwargs)
  File "C:\Users\NiuHe\Anaconda3\lib\site-packages\requests\sessions.py", line 508, in request
    resp = self.send(prep, **send_kwargs)
  File "C:\Users\NiuHe\Anaconda3\lib\site-packages\requests\sessions.py", line 618, in send
    r = adapter.send(request, **kwargs)
  File "C:\Users\NiuHe\Anaconda3\lib\site-packages\requests\adapters.py", line 508, in send
    raise ConnectionError(e, request=request)
requests.exceptions.ConnectionError: HTTPSConnectionPool(host='plus.google.com', port=443): Max retries exceeded with url: /communities/104092405342699579599/stream/8a593591-2091-4096-bb00-7d9c5659db93 (Caused by NewConnectionError('<urllib3.connection.VerifiedHTTPSConnection object at 0x000001582D24DA90>: Failed to establish a new connection: [WinError 10060] 由于连接方在一段时间后没有正确答复或连接的主机没有反应，连接尝试失败。',))
ERROR:root:HTTPSConnectionPool(host='plus.google.com', port=443): Max retries exceeded with url: /communities/109204483693184691558 (Caused by NewConnectionError('<urllib3.connection.VerifiedHTTPSConnection object at 0x000001582D3D4048>: Failed to establish a new connection: [WinError 10060] 由于连接方在一段时间后没有正确答复或连接的主机没有反应，连接尝试失败。',))
Traceback (most recent call last):
  File "C:\Users\NiuHe\Anaconda3\lib\site-packages\urllib3\connection.py", line 141, in _new_conn
    (self.host, self.port), self.timeout, **extra_kw)
  File "C:\Users\NiuHe\Anaconda3\lib\site-packages\urllib3\util\connection.py", line 83, in create_connection
    raise err
  File "C:\Users\NiuHe\Anaconda3\lib\site-packages\urllib3\util\connection.py", line 73, in create_connection
    sock.connect(sa)
TimeoutError: [WinError 10060] 由于连接方在一段时间后没有正确答复或连接的主机没有反应，连接尝试失败。

During handling of the above exception, another exception occurred:

Traceback (most recent call last):
  File "C:\Users\NiuHe\Anaconda3\lib\site-packages\urllib3\connectionpool.py", line 601, in urlopen
    chunked=chunked)
  File "C:\Users\NiuHe\Anaconda3\lib\site-packages\urllib3\connectionpool.py", line 346, in _make_request
    self._validate_conn(conn)
  File "C:\Users\NiuHe\Anaconda3\lib\site-packages\urllib3\connectionpool.py", line 850, in _validate_conn
    conn.connect()
  File "C:\Users\NiuHe\Anaconda3\lib\site-packages\urllib3\connection.py", line 284, in connect
    conn = self._new_conn()
  File "C:\Users\NiuHe\Anaconda3\lib\site-packages\urllib3\connection.py", line 150, in _new_conn
    self, "Failed to establish a new connection: %s" % e)
urllib3.exceptions.NewConnectionError: <urllib3.connection.VerifiedHTTPSConnection object at 0x000001582D3D4048>: Failed to establish a new connection: [WinError 10060] 由于连接方在一段时间后没有正确答复或连接的主机没有反应，连接尝试失败。

During handling of the above exception, another exception occurred:

Traceback (most recent call last):
  File "C:\Users\NiuHe\Anaconda3\lib\site-packages\requests\adapters.py", line 440, in send
    timeout=timeout
  File "C:\Users\NiuHe\Anaconda3\lib\site-packages\urllib3\connectionpool.py", line 639, in urlopen
    _stacktrace=sys.exc_info()[2])
  File "C:\Users\NiuHe\Anaconda3\lib\site-packages\urllib3\util\retry.py", line 388, in increment
    raise MaxRetryError(_pool, url, error or ResponseError(cause))
urllib3.exceptions.MaxRetryError: HTTPSConnectionPool(host='plus.google.com', port=443): Max retries exceeded with url: /communities/109204483693184691558 (Caused by NewConnectionError('<urllib3.connection.VerifiedHTTPSConnection object at 0x000001582D3D4048>: Failed to establish a new connection: [WinError 10060] 由于连接方在一段时间后没有正确答复或连接的主机没有反应，连接尝试失败。',))

During handling of the above exception, another exception occurred:

Traceback (most recent call last):
  File "E:\Temp\ShadowSocksShare-OpenShift\app\ss\ss_free.py", line 134, in request_url
    response = requests.get(url, headers=headers, verify=False).text
  File "C:\Users\NiuHe\Anaconda3\lib\site-packages\requests\api.py", line 72, in get
    return request('get', url, params=params, **kwargs)
  File "C:\Users\NiuHe\Anaconda3\lib\site-packages\requests\api.py", line 58, in request
    return session.request(method=method, url=url, **kwargs)
  File "C:\Users\NiuHe\Anaconda3\lib\site-packages\requests\sessions.py", line 508, in request
    resp = self.send(prep, **send_kwargs)
  File "C:\Users\NiuHe\Anaconda3\lib\site-packages\requests\sessions.py", line 618, in send
    r = adapter.send(request, **kwargs)
  File "C:\Users\NiuHe\Anaconda3\lib\site-packages\requests\adapters.py", line 508, in send
    raise ConnectionError(e, request=request)
requests.exceptions.ConnectionError: HTTPSConnectionPool(host='plus.google.com', port=443): Max retries exceeded with url: /communities/109204483693184691558 (Caused by NewConnectionError('<urllib3.connection.VerifiedHTTPSConnection object at 0x000001582D3D4048>: Failed to establish a new connection: [WinError 10060] 由于连接方在一段时间后没有正确答复或连接的主机没有反应，连接尝试失败。',))
ERROR:root:HTTPSConnectionPool(host='plus.google.com', port=443): Max retries exceeded with url: /communities/104092405342699579599/stream/8a593591-2091-4096-bb00-7d9c5659db93 (Caused by NewConnectionError('<urllib3.connection.VerifiedHTTPSConnection object at 0x000001DECBEE99B0>: Failed to establish a new connection: [WinError 10060] 由于连接方在一段时间后没有正确答复或连接的主机没有反应，连接尝试失败。',))
Traceback (most recent call last):
  File "C:\Users\NiuHe\Anaconda3\lib\site-packages\urllib3\connection.py", line 141, in _new_conn
    (self.host, self.port), self.timeout, **extra_kw)
  File "C:\Users\NiuHe\Anaconda3\lib\site-packages\urllib3\util\connection.py", line 83, in create_connection
    raise err
  File "C:\Users\NiuHe\Anaconda3\lib\site-packages\urllib3\util\connection.py", line 73, in create_connection
    sock.connect(sa)
TimeoutError: [WinError 10060] 由于连接方在一段时间后没有正确答复或连接的主机没有反应，连接尝试失败。

During handling of the above exception, another exception occurred:

Traceback (most recent call last):
  File "C:\Users\NiuHe\Anaconda3\lib\site-packages\urllib3\connectionpool.py", line 601, in urlopen
    chunked=chunked)
  File "C:\Users\NiuHe\Anaconda3\lib\site-packages\urllib3\connectionpool.py", line 346, in _make_request
    self._validate_conn(conn)
  File "C:\Users\NiuHe\Anaconda3\lib\site-packages\urllib3\connectionpool.py", line 850, in _validate_conn
    conn.connect()
  File "C:\Users\NiuHe\Anaconda3\lib\site-packages\urllib3\connection.py", line 284, in connect
    conn = self._new_conn()
  File "C:\Users\NiuHe\Anaconda3\lib\site-packages\urllib3\connection.py", line 150, in _new_conn
    self, "Failed to establish a new connection: %s" % e)
urllib3.exceptions.NewConnectionError: <urllib3.connection.VerifiedHTTPSConnection object at 0x000001DECBEE99B0>: Failed to establish a new connection: [WinError 10060] 由于连接方在一段时间后没有正确答复或连接的主机没有反应，连接尝试失败。

During handling of the above exception, another exception occurred:

Traceback (most recent call last):
  File "C:\Users\NiuHe\Anaconda3\lib\site-packages\requests\adapters.py", line 440, in send
    timeout=timeout
  File "C:\Users\NiuHe\Anaconda3\lib\site-packages\urllib3\connectionpool.py", line 639, in urlopen
    _stacktrace=sys.exc_info()[2])
  File "C:\Users\NiuHe\Anaconda3\lib\site-packages\urllib3\util\retry.py", line 388, in increment
    raise MaxRetryError(_pool, url, error or ResponseError(cause))
urllib3.exceptions.MaxRetryError: HTTPSConnectionPool(host='plus.google.com', port=443): Max retries exceeded with url: /communities/104092405342699579599/stream/8a593591-2091-4096-bb00-7d9c5659db93 (Caused by NewConnectionError('<urllib3.connection.VerifiedHTTPSConnection object at 0x000001DECBEE99B0>: Failed to establish a new connection: [WinError 10060] 由于连接方在一段时间后没有正确答复或连接的主机没有反应，连接尝试失败。',))

During handling of the above exception, another exception occurred:

Traceback (most recent call last):
  File "E:\Temp\ShadowSocksShare-OpenShift\app\ss\ss_free.py", line 134, in request_url
    response = requests.get(url, headers=headers, verify=False).text
  File "C:\Users\NiuHe\Anaconda3\lib\site-packages\requests\api.py", line 72, in get
    return request('get', url, params=params, **kwargs)
  File "C:\Users\NiuHe\Anaconda3\lib\site-packages\requests\api.py", line 58, in request
    return session.request(method=method, url=url, **kwargs)
  File "C:\Users\NiuHe\Anaconda3\lib\site-packages\requests\sessions.py", line 508, in request
    resp = self.send(prep, **send_kwargs)
  File "C:\Users\NiuHe\Anaconda3\lib\site-packages\requests\sessions.py", line 618, in send
    r = adapter.send(request, **kwargs)
  File "C:\Users\NiuHe\Anaconda3\lib\site-packages\requests\adapters.py", line 508, in send
    raise ConnectionError(e, request=request)
requests.exceptions.ConnectionError: HTTPSConnectionPool(host='plus.google.com', port=443): Max retries exceeded with url: /communities/104092405342699579599/stream/8a593591-2091-4096-bb00-7d9c5659db93 (Caused by NewConnectionError('<urllib3.connection.VerifiedHTTPSConnection object at 0x000001DECBEE99B0>: Failed to establish a new connection: [WinError 10060] 由于连接方在一段时间后没有正确答复或连接的主机没有反应，连接尝试失败。',))
ERROR:root:HTTPSConnectionPool(host='plus.google.com', port=443): Max retries exceeded with url: /communities/104092405342699579599/stream/8a593591-2091-4096-bb00-7d9c5659db93 (Caused by NewConnectionError('<urllib3.connection.VerifiedHTTPSConnection object at 0x0000027537FE81D0>: Failed to establish a new connection: [WinError 10060] 由于连接方在一段时间后没有正确答复或连接的主机没有反应，连接尝试失败。',))
Traceback (most recent call last):
  File "C:\Users\NiuHe\Anaconda3\lib\site-packages\urllib3\connection.py", line 141, in _new_conn
    (self.host, self.port), self.timeout, **extra_kw)
  File "C:\Users\NiuHe\Anaconda3\lib\site-packages\urllib3\util\connection.py", line 83, in create_connection
    raise err
  File "C:\Users\NiuHe\Anaconda3\lib\site-packages\urllib3\util\connection.py", line 73, in create_connection
    sock.connect(sa)
TimeoutError: [WinError 10060] 由于连接方在一段时间后没有正确答复或连接的主机没有反应，连接尝试失败。

During handling of the above exception, another exception occurred:

Traceback (most recent call last):
  File "C:\Users\NiuHe\Anaconda3\lib\site-packages\urllib3\connectionpool.py", line 601, in urlopen
    chunked=chunked)
  File "C:\Users\NiuHe\Anaconda3\lib\site-packages\urllib3\connectionpool.py", line 346, in _make_request
    self._validate_conn(conn)
  File "C:\Users\NiuHe\Anaconda3\lib\site-packages\urllib3\connectionpool.py", line 850, in _validate_conn
    conn.connect()
  File "C:\Users\NiuHe\Anaconda3\lib\site-packages\urllib3\connection.py", line 284, in connect
    conn = self._new_conn()
  File "C:\Users\NiuHe\Anaconda3\lib\site-packages\urllib3\connection.py", line 150, in _new_conn
    self, "Failed to establish a new connection: %s" % e)
urllib3.exceptions.NewConnectionError: <urllib3.connection.VerifiedHTTPSConnection object at 0x0000027537FE81D0>: Failed to establish a new connection: [WinError 10060] 由于连接方在一段时间后没有正确答复或连接的主机没有反应，连接尝试失败。

During handling of the above exception, another exception occurred:

Traceback (most recent call last):
  File "C:\Users\NiuHe\Anaconda3\lib\site-packages\requests\adapters.py", line 440, in send
    timeout=timeout
  File "C:\Users\NiuHe\Anaconda3\lib\site-packages\urllib3\connectionpool.py", line 639, in urlopen
    _stacktrace=sys.exc_info()[2])
  File "C:\Users\NiuHe\Anaconda3\lib\site-packages\urllib3\util\retry.py", line 388, in increment
    raise MaxRetryError(_pool, url, error or ResponseError(cause))
urllib3.exceptions.MaxRetryError: HTTPSConnectionPool(host='plus.google.com', port=443): Max retries exceeded with url: /communities/104092405342699579599/stream/8a593591-2091-4096-bb00-7d9c5659db93 (Caused by NewConnectionError('<urllib3.connection.VerifiedHTTPSConnection object at 0x0000027537FE81D0>: Failed to establish a new connection: [WinError 10060] 由于连接方在一段时间后没有正确答复或连接的主机没有反应，连接尝试失败。',))

During handling of the above exception, another exception occurred:

Traceback (most recent call last):
  File "E:\Temp\ShadowSocksShare-OpenShift\app\ss\ss_free.py", line 204, in request_url
    response = requests.get(url, headers=headers, verify=False).text
  File "C:\Users\NiuHe\Anaconda3\lib\site-packages\requests\api.py", line 72, in get
    return request('get', url, params=params, **kwargs)
  File "C:\Users\NiuHe\Anaconda3\lib\site-packages\requests\api.py", line 58, in request
    return session.request(method=method, url=url, **kwargs)
  File "C:\Users\NiuHe\Anaconda3\lib\site-packages\requests\sessions.py", line 508, in request
    resp = self.send(prep, **send_kwargs)
  File "C:\Users\NiuHe\Anaconda3\lib\site-packages\requests\sessions.py", line 618, in send
    r = adapter.send(request, **kwargs)
  File "C:\Users\NiuHe\Anaconda3\lib\site-packages\requests\adapters.py", line 508, in send
    raise ConnectionError(e, request=request)
requests.exceptions.ConnectionError: HTTPSConnectionPool(host='plus.google.com', port=443): Max retries exceeded with url: /communities/104092405342699579599/stream/8a593591-2091-4096-bb00-7d9c5659db93 (Caused by NewConnectionError('<urllib3.connection.VerifiedHTTPSConnection object at 0x0000027537FE81D0>: Failed to establish a new connection: [WinError 10060] 由于连接方在一段时间后没有正确答复或连接的主机没有反应，连接尝试失败。',))
ERROR:root:HTTPSConnectionPool(host='plus.google.com', port=443): Max retries exceeded with url: /communities/109204483693184691558 (Caused by NewConnectionError('<urllib3.connection.VerifiedHTTPSConnection object at 0x0000027537FF5208>: Failed to establish a new connection: [WinError 10060] 由于连接方在一段时间后没有正确答复或连接的主机没有反应，连接尝试失败。',))
Traceback (most recent call last):
  File "C:\Users\NiuHe\Anaconda3\lib\site-packages\urllib3\connection.py", line 141, in _new_conn
    (self.host, self.port), self.timeout, **extra_kw)
  File "C:\Users\NiuHe\Anaconda3\lib\site-packages\urllib3\util\connection.py", line 83, in create_connection
    raise err
  File "C:\Users\NiuHe\Anaconda3\lib\site-packages\urllib3\util\connection.py", line 73, in create_connection
    sock.connect(sa)
TimeoutError: [WinError 10060] 由于连接方在一段时间后没有正确答复或连接的主机没有反应，连接尝试失败。

During handling of the above exception, another exception occurred:

Traceback (most recent call last):
  File "C:\Users\NiuHe\Anaconda3\lib\site-packages\urllib3\connectionpool.py", line 601, in urlopen
    chunked=chunked)
  File "C:\Users\NiuHe\Anaconda3\lib\site-packages\urllib3\connectionpool.py", line 346, in _make_request
    self._validate_conn(conn)
  File "C:\Users\NiuHe\Anaconda3\lib\site-packages\urllib3\connectionpool.py", line 850, in _validate_conn
    conn.connect()
  File "C:\Users\NiuHe\Anaconda3\lib\site-packages\urllib3\connection.py", line 284, in connect
    conn = self._new_conn()
  File "C:\Users\NiuHe\Anaconda3\lib\site-packages\urllib3\connection.py", line 150, in _new_conn
    self, "Failed to establish a new connection: %s" % e)
urllib3.exceptions.NewConnectionError: <urllib3.connection.VerifiedHTTPSConnection object at 0x0000027537FF5208>: Failed to establish a new connection: [WinError 10060] 由于连接方在一段时间后没有正确答复或连接的主机没有反应，连接尝试失败。

During handling of the above exception, another exception occurred:

Traceback (most recent call last):
  File "C:\Users\NiuHe\Anaconda3\lib\site-packages\requests\adapters.py", line 440, in send
    timeout=timeout
  File "C:\Users\NiuHe\Anaconda3\lib\site-packages\urllib3\connectionpool.py", line 639, in urlopen
    _stacktrace=sys.exc_info()[2])
  File "C:\Users\NiuHe\Anaconda3\lib\site-packages\urllib3\util\retry.py", line 388, in increment
    raise MaxRetryError(_pool, url, error or ResponseError(cause))
urllib3.exceptions.MaxRetryError: HTTPSConnectionPool(host='plus.google.com', port=443): Max retries exceeded with url: /communities/109204483693184691558 (Caused by NewConnectionError('<urllib3.connection.VerifiedHTTPSConnection object at 0x0000027537FF5208>: Failed to establish a new connection: [WinError 10060] 由于连接方在一段时间后没有正确答复或连接的主机没有反应，连接尝试失败。',))

During handling of the above exception, another exception occurred:

Traceback (most recent call last):
  File "E:\Temp\ShadowSocksShare-OpenShift\app\ss\ss_free.py", line 204, in request_url
    response = requests.get(url, headers=headers, verify=False).text
  File "C:\Users\NiuHe\Anaconda3\lib\site-packages\requests\api.py", line 72, in get
    return request('get', url, params=params, **kwargs)
  File "C:\Users\NiuHe\Anaconda3\lib\site-packages\requests\api.py", line 58, in request
    return session.request(method=method, url=url, **kwargs)
  File "C:\Users\NiuHe\Anaconda3\lib\site-packages\requests\sessions.py", line 508, in request
    resp = self.send(prep, **send_kwargs)
  File "C:\Users\NiuHe\Anaconda3\lib\site-packages\requests\sessions.py", line 618, in send
    r = adapter.send(request, **kwargs)
  File "C:\Users\NiuHe\Anaconda3\lib\site-packages\requests\adapters.py", line 508, in send
    raise ConnectionError(e, request=request)
requests.exceptions.ConnectionError: HTTPSConnectionPool(host='plus.google.com', port=443): Max retries exceeded with url: /communities/109204483693184691558 (Caused by NewConnectionError('<urllib3.connection.VerifiedHTTPSConnection object at 0x0000027537FF5208>: Failed to establish a new connection: [WinError 10060] 由于连接方在一段时间后没有正确答复或连接的主机没有反应，连接尝试失败。',))
ERROR:root:HTTPSConnectionPool(host='plus.google.com', port=443): Max retries exceeded with url: /communities/117702818760720009772/stream/47c69db4-9362-4d91-a017-97f3be948437 (Caused by NewConnectionError('<urllib3.connection.VerifiedHTTPSConnection object at 0x000002753814C128>: Failed to establish a new connection: [WinError 10060] 由于连接方在一段时间后没有正确答复或连接的主机没有反应，连接尝试失败。',))
Traceback (most recent call last):
  File "C:\Users\NiuHe\Anaconda3\lib\site-packages\urllib3\connection.py", line 141, in _new_conn
    (self.host, self.port), self.timeout, **extra_kw)
  File "C:\Users\NiuHe\Anaconda3\lib\site-packages\urllib3\util\connection.py", line 83, in create_connection
    raise err
  File "C:\Users\NiuHe\Anaconda3\lib\site-packages\urllib3\util\connection.py", line 73, in create_connection
    sock.connect(sa)
TimeoutError: [WinError 10060] 由于连接方在一段时间后没有正确答复或连接的主机没有反应，连接尝试失败。

During handling of the above exception, another exception occurred:

Traceback (most recent call last):
  File "C:\Users\NiuHe\Anaconda3\lib\site-packages\urllib3\connectionpool.py", line 601, in urlopen
    chunked=chunked)
  File "C:\Users\NiuHe\Anaconda3\lib\site-packages\urllib3\connectionpool.py", line 346, in _make_request
    self._validate_conn(conn)
  File "C:\Users\NiuHe\Anaconda3\lib\site-packages\urllib3\connectionpool.py", line 850, in _validate_conn
    conn.connect()
  File "C:\Users\NiuHe\Anaconda3\lib\site-packages\urllib3\connection.py", line 284, in connect
    conn = self._new_conn()
  File "C:\Users\NiuHe\Anaconda3\lib\site-packages\urllib3\connection.py", line 150, in _new_conn
    self, "Failed to establish a new connection: %s" % e)
urllib3.exceptions.NewConnectionError: <urllib3.connection.VerifiedHTTPSConnection object at 0x000002753814C128>: Failed to establish a new connection: [WinError 10060] 由于连接方在一段时间后没有正确答复或连接的主机没有反应，连接尝试失败。

During handling of the above exception, another exception occurred:

Traceback (most recent call last):
  File "C:\Users\NiuHe\Anaconda3\lib\site-packages\requests\adapters.py", line 440, in send
    timeout=timeout
  File "C:\Users\NiuHe\Anaconda3\lib\site-packages\urllib3\connectionpool.py", line 639, in urlopen
    _stacktrace=sys.exc_info()[2])
  File "C:\Users\NiuHe\Anaconda3\lib\site-packages\urllib3\util\retry.py", line 388, in increment
    raise MaxRetryError(_pool, url, error or ResponseError(cause))
urllib3.exceptions.MaxRetryError: HTTPSConnectionPool(host='plus.google.com', port=443): Max retries exceeded with url: /communities/117702818760720009772/stream/47c69db4-9362-4d91-a017-97f3be948437 (Caused by NewConnectionError('<urllib3.connection.VerifiedHTTPSConnection object at 0x000002753814C128>: Failed to establish a new connection: [WinError 10060] 由于连接方在一段时间后没有正确答复或连接的主机没有反应，连接尝试失败。',))

During handling of the above exception, another exception occurred:

Traceback (most recent call last):
  File "E:\Temp\ShadowSocksShare-OpenShift\app\ss\ss_free.py", line 204, in request_url
    response = requests.get(url, headers=headers, verify=False).text
  File "C:\Users\NiuHe\Anaconda3\lib\site-packages\requests\api.py", line 72, in get
    return request('get', url, params=params, **kwargs)
  File "C:\Users\NiuHe\Anaconda3\lib\site-packages\requests\api.py", line 58, in request
    return session.request(method=method, url=url, **kwargs)
  File "C:\Users\NiuHe\Anaconda3\lib\site-packages\requests\sessions.py", line 508, in request
    resp = self.send(prep, **send_kwargs)
  File "C:\Users\NiuHe\Anaconda3\lib\site-packages\requests\sessions.py", line 618, in send
    r = adapter.send(request, **kwargs)
  File "C:\Users\NiuHe\Anaconda3\lib\site-packages\requests\adapters.py", line 508, in send
    raise ConnectionError(e, request=request)
requests.exceptions.ConnectionError: HTTPSConnectionPool(host='plus.google.com', port=443): Max retries exceeded with url: /communities/117702818760720009772/stream/47c69db4-9362-4d91-a017-97f3be948437 (Caused by NewConnectionError('<urllib3.connection.VerifiedHTTPSConnection object at 0x000002753814C128>: Failed to establish a new connection: [WinError 10060] 由于连接方在一段时间后没有正确答复或连接的主机没有反应，连接尝试失败。',))
ERROR:root:HTTPSConnectionPool(host='plus.google.com', port=443): Max retries exceeded with url: /communities/107859708371989171939 (Caused by NewConnectionError('<urllib3.connection.VerifiedHTTPSConnection object at 0x000002753814C6A0>: Failed to establish a new connection: [WinError 10060] 由于连接方在一段时间后没有正确答复或连接的主机没有反应，连接尝试失败。',))
Traceback (most recent call last):
  File "C:\Users\NiuHe\Anaconda3\lib\site-packages\urllib3\connection.py", line 141, in _new_conn
    (self.host, self.port), self.timeout, **extra_kw)
  File "C:\Users\NiuHe\Anaconda3\lib\site-packages\urllib3\util\connection.py", line 83, in create_connection
    raise err
  File "C:\Users\NiuHe\Anaconda3\lib\site-packages\urllib3\util\connection.py", line 73, in create_connection
    sock.connect(sa)
TimeoutError: [WinError 10060] 由于连接方在一段时间后没有正确答复或连接的主机没有反应，连接尝试失败。

During handling of the above exception, another exception occurred:

Traceback (most recent call last):
  File "C:\Users\NiuHe\Anaconda3\lib\site-packages\urllib3\connectionpool.py", line 601, in urlopen
    chunked=chunked)
  File "C:\Users\NiuHe\Anaconda3\lib\site-packages\urllib3\connectionpool.py", line 346, in _make_request
    self._validate_conn(conn)
  File "C:\Users\NiuHe\Anaconda3\lib\site-packages\urllib3\connectionpool.py", line 850, in _validate_conn
    conn.connect()
  File "C:\Users\NiuHe\Anaconda3\lib\site-packages\urllib3\connection.py", line 284, in connect
    conn = self._new_conn()
  File "C:\Users\NiuHe\Anaconda3\lib\site-packages\urllib3\connection.py", line 150, in _new_conn
    self, "Failed to establish a new connection: %s" % e)
urllib3.exceptions.NewConnectionError: <urllib3.connection.VerifiedHTTPSConnection object at 0x000002753814C6A0>: Failed to establish a new connection: [WinError 10060] 由于连接方在一段时间后没有正确答复或连接的主机没有反应，连接尝试失败。

During handling of the above exception, another exception occurred:

Traceback (most recent call last):
  File "C:\Users\NiuHe\Anaconda3\lib\site-packages\requests\adapters.py", line 440, in send
    timeout=timeout
  File "C:\Users\NiuHe\Anaconda3\lib\site-packages\urllib3\connectionpool.py", line 639, in urlopen
    _stacktrace=sys.exc_info()[2])
  File "C:\Users\NiuHe\Anaconda3\lib\site-packages\urllib3\util\retry.py", line 388, in increment
    raise MaxRetryError(_pool, url, error or ResponseError(cause))
urllib3.exceptions.MaxRetryError: HTTPSConnectionPool(host='plus.google.com', port=443): Max retries exceeded with url: /communities/107859708371989171939 (Caused by NewConnectionError('<urllib3.connection.VerifiedHTTPSConnection object at 0x000002753814C6A0>: Failed to establish a new connection: [WinError 10060] 由于连接方在一段时间后没有正确答复或连接的主机没有反应，连接尝试失败。',))

During handling of the above exception, another exception occurred:

Traceback (most recent call last):
  File "E:\Temp\ShadowSocksShare-OpenShift\app\ss\ss_free.py", line 204, in request_url
    response = requests.get(url, headers=headers, verify=False).text
  File "C:\Users\NiuHe\Anaconda3\lib\site-packages\requests\api.py", line 72, in get
    return request('get', url, params=params, **kwargs)
  File "C:\Users\NiuHe\Anaconda3\lib\site-packages\requests\api.py", line 58, in request
    return session.request(method=method, url=url, **kwargs)
  File "C:\Users\NiuHe\Anaconda3\lib\site-packages\requests\sessions.py", line 508, in request
    resp = self.send(prep, **send_kwargs)
  File "C:\Users\NiuHe\Anaconda3\lib\site-packages\requests\sessions.py", line 618, in send
    r = adapter.send(request, **kwargs)
  File "C:\Users\NiuHe\Anaconda3\lib\site-packages\requests\adapters.py", line 508, in send
    raise ConnectionError(e, request=request)
requests.exceptions.ConnectionError: HTTPSConnectionPool(host='plus.google.com', port=443): Max retries exceeded with url: /communities/107859708371989171939 (Caused by NewConnectionError('<urllib3.connection.VerifiedHTTPSConnection object at 0x000002753814C6A0>: Failed to establish a new connection: [WinError 10060] 由于连接方在一段时间后没有正确答复或连接的主机没有反应，连接尝试失败。',))
ERROR:root:('Connection aborted.', ConnectionResetError(10054, '远程主机强迫关闭了一个现有的连接。', None, 10054, None))
Traceback (most recent call last):
  File "C:\Users\NiuHe\Anaconda3\lib\site-packages\urllib3\connectionpool.py", line 601, in urlopen
    chunked=chunked)
  File "C:\Users\NiuHe\Anaconda3\lib\site-packages\urllib3\connectionpool.py", line 387, in _make_request
    six.raise_from(e, None)
  File "<string>", line 2, in raise_from
  File "C:\Users\NiuHe\Anaconda3\lib\site-packages\urllib3\connectionpool.py", line 383, in _make_request
    httplib_response = conn.getresponse()
  File "C:\Users\NiuHe\Anaconda3\lib\http\client.py", line 1331, in getresponse
    response.begin()
  File "C:\Users\NiuHe\Anaconda3\lib\http\client.py", line 297, in begin
    version, status, reason = self._read_status()
  File "C:\Users\NiuHe\Anaconda3\lib\http\client.py", line 258, in _read_status
    line = str(self.fp.readline(_MAXLINE + 1), "iso-8859-1")
  File "C:\Users\NiuHe\Anaconda3\lib\socket.py", line 586, in readinto
    return self._sock.recv_into(b)
ConnectionResetError: [WinError 10054] 远程主机强迫关闭了一个现有的连接。

During handling of the above exception, another exception occurred:

Traceback (most recent call last):
  File "C:\Users\NiuHe\Anaconda3\lib\site-packages\requests\adapters.py", line 440, in send
    timeout=timeout
  File "C:\Users\NiuHe\Anaconda3\lib\site-packages\urllib3\connectionpool.py", line 639, in urlopen
    _stacktrace=sys.exc_info()[2])
  File "C:\Users\NiuHe\Anaconda3\lib\site-packages\urllib3\util\retry.py", line 357, in increment
    raise six.reraise(type(error), error, _stacktrace)
  File "C:\Users\NiuHe\Anaconda3\lib\site-packages\urllib3\packages\six.py", line 685, in reraise
    raise value.with_traceback(tb)
  File "C:\Users\NiuHe\Anaconda3\lib\site-packages\urllib3\connectionpool.py", line 601, in urlopen
    chunked=chunked)
  File "C:\Users\NiuHe\Anaconda3\lib\site-packages\urllib3\connectionpool.py", line 387, in _make_request
    six.raise_from(e, None)
  File "<string>", line 2, in raise_from
  File "C:\Users\NiuHe\Anaconda3\lib\site-packages\urllib3\connectionpool.py", line 383, in _make_request
    httplib_response = conn.getresponse()
  File "C:\Users\NiuHe\Anaconda3\lib\http\client.py", line 1331, in getresponse
    response.begin()
  File "C:\Users\NiuHe\Anaconda3\lib\http\client.py", line 297, in begin
    version, status, reason = self._read_status()
  File "C:\Users\NiuHe\Anaconda3\lib\http\client.py", line 258, in _read_status
    line = str(self.fp.readline(_MAXLINE + 1), "iso-8859-1")
  File "C:\Users\NiuHe\Anaconda3\lib\socket.py", line 586, in readinto
    return self._sock.recv_into(b)
urllib3.exceptions.ProtocolError: ('Connection aborted.', ConnectionResetError(10054, '远程主机强迫关闭了一个现有的连接。', None, 10054, None))

During handling of the above exception, another exception occurred:

Traceback (most recent call last):
  File "E:\Temp\ShadowSocksShare-OpenShift\app\ss\ss_free.py", line 204, in request_url
    response = requests.get(url, headers=headers, verify=False).text
  File "C:\Users\NiuHe\Anaconda3\lib\site-packages\requests\api.py", line 72, in get
    return request('get', url, params=params, **kwargs)
  File "C:\Users\NiuHe\Anaconda3\lib\site-packages\requests\api.py", line 58, in request
    return session.request(method=method, url=url, **kwargs)
  File "C:\Users\NiuHe\Anaconda3\lib\site-packages\requests\sessions.py", line 508, in request
    resp = self.send(prep, **send_kwargs)
  File "C:\Users\NiuHe\Anaconda3\lib\site-packages\requests\sessions.py", line 618, in send
    r = adapter.send(request, **kwargs)
  File "C:\Users\NiuHe\Anaconda3\lib\site-packages\requests\adapters.py", line 490, in send
    raise ConnectionError(err, request=request)
requests.exceptions.ConnectionError: ('Connection aborted.', ConnectionResetError(10054, '远程主机强迫关闭了一个现有的连接。', None, 10054, None))
ERROR:root:HTTPSConnectionPool(host='doub.io', port=443): Max retries exceeded with url: /sszhfx/ (Caused by NewConnectionError('<urllib3.connection.VerifiedHTTPSConnection object at 0x0000027537FE8FD0>: Failed to establish a new connection: [WinError 10060] 由于连接方在一段时间后没有正确答复或连接的主机没有反应，连接尝试失败。',))
Traceback (most recent call last):
  File "C:\Users\NiuHe\Anaconda3\lib\site-packages\urllib3\connection.py", line 141, in _new_conn
    (self.host, self.port), self.timeout, **extra_kw)
  File "C:\Users\NiuHe\Anaconda3\lib\site-packages\urllib3\util\connection.py", line 83, in create_connection
    raise err
  File "C:\Users\NiuHe\Anaconda3\lib\site-packages\urllib3\util\connection.py", line 73, in create_connection
    sock.connect(sa)
TimeoutError: [WinError 10060] 由于连接方在一段时间后没有正确答复或连接的主机没有反应，连接尝试失败。

During handling of the above exception, another exception occurred:

Traceback (most recent call last):
  File "C:\Users\NiuHe\Anaconda3\lib\site-packages\urllib3\connectionpool.py", line 601, in urlopen
    chunked=chunked)
  File "C:\Users\NiuHe\Anaconda3\lib\site-packages\urllib3\connectionpool.py", line 346, in _make_request
    self._validate_conn(conn)
  File "C:\Users\NiuHe\Anaconda3\lib\site-packages\urllib3\connectionpool.py", line 850, in _validate_conn
    conn.connect()
  File "C:\Users\NiuHe\Anaconda3\lib\site-packages\urllib3\connection.py", line 284, in connect
    conn = self._new_conn()
  File "C:\Users\NiuHe\Anaconda3\lib\site-packages\urllib3\connection.py", line 150, in _new_conn
    self, "Failed to establish a new connection: %s" % e)
urllib3.exceptions.NewConnectionError: <urllib3.connection.VerifiedHTTPSConnection object at 0x0000027537FE8FD0>: Failed to establish a new connection: [WinError 10060] 由于连接方在一段时间后没有正确答复或连接的主机没有反应，连接尝试失败。

During handling of the above exception, another exception occurred:

Traceback (most recent call last):
  File "C:\Users\NiuHe\Anaconda3\lib\site-packages\requests\adapters.py", line 440, in send
    timeout=timeout
  File "C:\Users\NiuHe\Anaconda3\lib\site-packages\urllib3\connectionpool.py", line 639, in urlopen
    _stacktrace=sys.exc_info()[2])
  File "C:\Users\NiuHe\Anaconda3\lib\site-packages\urllib3\util\retry.py", line 388, in increment
    raise MaxRetryError(_pool, url, error or ResponseError(cause))
urllib3.exceptions.MaxRetryError: HTTPSConnectionPool(host='doub.io', port=443): Max retries exceeded with url: /sszhfx/ (Caused by NewConnectionError('<urllib3.connection.VerifiedHTTPSConnection object at 0x0000027537FE8FD0>: Failed to establish a new connection: [WinError 10060] 由于连接方在一段时间后没有正确答复或连接的主机没有反应，连接尝试失败。',))

During handling of the above exception, another exception occurred:

Traceback (most recent call last):
  File "E:\Temp\ShadowSocksShare-OpenShift\app\ss\ss_free.py", line 204, in request_url
    response = requests.get(url, headers=headers, verify=False).text
  File "C:\Users\NiuHe\Anaconda3\lib\site-packages\requests\api.py", line 72, in get
    return request('get', url, params=params, **kwargs)
  File "C:\Users\NiuHe\Anaconda3\lib\site-packages\requests\api.py", line 58, in request
    return session.request(method=method, url=url, **kwargs)
  File "C:\Users\NiuHe\Anaconda3\lib\site-packages\requests\sessions.py", line 508, in request
    resp = self.send(prep, **send_kwargs)
  File "C:\Users\NiuHe\Anaconda3\lib\site-packages\requests\sessions.py", line 618, in send
    r = adapter.send(request, **kwargs)
  File "C:\Users\NiuHe\Anaconda3\lib\site-packages\requests\adapters.py", line 508, in send
    raise ConnectionError(e, request=request)
requests.exceptions.ConnectionError: HTTPSConnectionPool(host='doub.io', port=443): Max retries exceeded with url: /sszhfx/ (Caused by NewConnectionError('<urllib3.connection.VerifiedHTTPSConnection object at 0x0000027537FE8FD0>: Failed to establish a new connection: [WinError 10060] 由于连接方在一段时间后没有正确答复或连接的主机没有反应，连接尝试失败。',))
ERROR:root:HTTPSConnectionPool(host='doub.io', port=443): Max retries exceeded with url: /sszhfx/comment-page-47/ (Caused by NewConnectionError('<urllib3.connection.VerifiedHTTPSConnection object at 0x000002753814C4E0>: Failed to establish a new connection: [WinError 10060] 由于连接方在一段时间后没有正确答复或连接的主机没有反应，连接尝试失败。',))
Traceback (most recent call last):
  File "C:\Users\NiuHe\Anaconda3\lib\site-packages\urllib3\connection.py", line 141, in _new_conn
    (self.host, self.port), self.timeout, **extra_kw)
  File "C:\Users\NiuHe\Anaconda3\lib\site-packages\urllib3\util\connection.py", line 83, in create_connection
    raise err
  File "C:\Users\NiuHe\Anaconda3\lib\site-packages\urllib3\util\connection.py", line 73, in create_connection
    sock.connect(sa)
TimeoutError: [WinError 10060] 由于连接方在一段时间后没有正确答复或连接的主机没有反应，连接尝试失败。

During handling of the above exception, another exception occurred:

Traceback (most recent call last):
  File "C:\Users\NiuHe\Anaconda3\lib\site-packages\urllib3\connectionpool.py", line 601, in urlopen
    chunked=chunked)
  File "C:\Users\NiuHe\Anaconda3\lib\site-packages\urllib3\connectionpool.py", line 346, in _make_request
    self._validate_conn(conn)
  File "C:\Users\NiuHe\Anaconda3\lib\site-packages\urllib3\connectionpool.py", line 850, in _validate_conn
    conn.connect()
  File "C:\Users\NiuHe\Anaconda3\lib\site-packages\urllib3\connection.py", line 284, in connect
    conn = self._new_conn()
  File "C:\Users\NiuHe\Anaconda3\lib\site-packages\urllib3\connection.py", line 150, in _new_conn
    self, "Failed to establish a new connection: %s" % e)
urllib3.exceptions.NewConnectionError: <urllib3.connection.VerifiedHTTPSConnection object at 0x000002753814C4E0>: Failed to establish a new connection: [WinError 10060] 由于连接方在一段时间后没有正确答复或连接的主机没有反应，连接尝试失败。

During handling of the above exception, another exception occurred:

Traceback (most recent call last):
  File "C:\Users\NiuHe\Anaconda3\lib\site-packages\requests\adapters.py", line 440, in send
    timeout=timeout
  File "C:\Users\NiuHe\Anaconda3\lib\site-packages\urllib3\connectionpool.py", line 639, in urlopen
    _stacktrace=sys.exc_info()[2])
  File "C:\Users\NiuHe\Anaconda3\lib\site-packages\urllib3\util\retry.py", line 388, in increment
    raise MaxRetryError(_pool, url, error or ResponseError(cause))
urllib3.exceptions.MaxRetryError: HTTPSConnectionPool(host='doub.io', port=443): Max retries exceeded with url: /sszhfx/comment-page-47/ (Caused by NewConnectionError('<urllib3.connection.VerifiedHTTPSConnection object at 0x000002753814C4E0>: Failed to establish a new connection: [WinError 10060] 由于连接方在一段时间后没有正确答复或连接的主机没有反应，连接尝试失败。',))

During handling of the above exception, another exception occurred:

Traceback (most recent call last):
  File "E:\Temp\ShadowSocksShare-OpenShift\app\ss\ss_free.py", line 204, in request_url
    response = requests.get(url, headers=headers, verify=False).text
  File "C:\Users\NiuHe\Anaconda3\lib\site-packages\requests\api.py", line 72, in get
    return request('get', url, params=params, **kwargs)
  File "C:\Users\NiuHe\Anaconda3\lib\site-packages\requests\api.py", line 58, in request
    return session.request(method=method, url=url, **kwargs)
  File "C:\Users\NiuHe\Anaconda3\lib\site-packages\requests\sessions.py", line 508, in request
    resp = self.send(prep, **send_kwargs)
  File "C:\Users\NiuHe\Anaconda3\lib\site-packages\requests\sessions.py", line 618, in send
    r = adapter.send(request, **kwargs)
  File "C:\Users\NiuHe\Anaconda3\lib\site-packages\requests\adapters.py", line 508, in send
    raise ConnectionError(e, request=request)
requests.exceptions.ConnectionError: HTTPSConnectionPool(host='doub.io', port=443): Max retries exceeded with url: /sszhfx/comment-page-47/ (Caused by NewConnectionError('<urllib3.connection.VerifiedHTTPSConnection object at 0x000002753814C4E0>: Failed to establish a new connection: [WinError 10060] 由于连接方在一段时间后没有正确答复或连接的主机没有反应，连接尝试失败。',))
ERROR:root:HTTPSConnectionPool(host='doub.io', port=443): Max retries exceeded with url: /sszhfx/comment-page-48/ (Caused by NewConnectionError('<urllib3.connection.VerifiedHTTPSConnection object at 0x000002753814C208>: Failed to establish a new connection: [WinError 10060] 由于连接方在一段时间后没有正确答复或连接的主机没有反应，连接尝试失败。',))
Traceback (most recent call last):
  File "C:\Users\NiuHe\Anaconda3\lib\site-packages\urllib3\connection.py", line 141, in _new_conn
    (self.host, self.port), self.timeout, **extra_kw)
  File "C:\Users\NiuHe\Anaconda3\lib\site-packages\urllib3\util\connection.py", line 83, in create_connection
    raise err
  File "C:\Users\NiuHe\Anaconda3\lib\site-packages\urllib3\util\connection.py", line 73, in create_connection
    sock.connect(sa)
TimeoutError: [WinError 10060] 由于连接方在一段时间后没有正确答复或连接的主机没有反应，连接尝试失败。

During handling of the above exception, another exception occurred:

Traceback (most recent call last):
  File "C:\Users\NiuHe\Anaconda3\lib\site-packages\urllib3\connectionpool.py", line 601, in urlopen
    chunked=chunked)
  File "C:\Users\NiuHe\Anaconda3\lib\site-packages\urllib3\connectionpool.py", line 346, in _make_request
    self._validate_conn(conn)
  File "C:\Users\NiuHe\Anaconda3\lib\site-packages\urllib3\connectionpool.py", line 850, in _validate_conn
    conn.connect()
  File "C:\Users\NiuHe\Anaconda3\lib\site-packages\urllib3\connection.py", line 284, in connect
    conn = self._new_conn()
  File "C:\Users\NiuHe\Anaconda3\lib\site-packages\urllib3\connection.py", line 150, in _new_conn
    self, "Failed to establish a new connection: %s" % e)
urllib3.exceptions.NewConnectionError: <urllib3.connection.VerifiedHTTPSConnection object at 0x000002753814C208>: Failed to establish a new connection: [WinError 10060] 由于连接方在一段时间后没有正确答复或连接的主机没有反应，连接尝试失败。

During handling of the above exception, another exception occurred:

Traceback (most recent call last):
  File "C:\Users\NiuHe\Anaconda3\lib\site-packages\requests\adapters.py", line 440, in send
    timeout=timeout
  File "C:\Users\NiuHe\Anaconda3\lib\site-packages\urllib3\connectionpool.py", line 639, in urlopen
    _stacktrace=sys.exc_info()[2])
  File "C:\Users\NiuHe\Anaconda3\lib\site-packages\urllib3\util\retry.py", line 388, in increment
    raise MaxRetryError(_pool, url, error or ResponseError(cause))
urllib3.exceptions.MaxRetryError: HTTPSConnectionPool(host='doub.io', port=443): Max retries exceeded with url: /sszhfx/comment-page-48/ (Caused by NewConnectionError('<urllib3.connection.VerifiedHTTPSConnection object at 0x000002753814C208>: Failed to establish a new connection: [WinError 10060] 由于连接方在一段时间后没有正确答复或连接的主机没有反应，连接尝试失败。',))

During handling of the above exception, another exception occurred:

Traceback (most recent call last):
  File "E:\Temp\ShadowSocksShare-OpenShift\app\ss\ss_free.py", line 204, in request_url
    response = requests.get(url, headers=headers, verify=False).text
  File "C:\Users\NiuHe\Anaconda3\lib\site-packages\requests\api.py", line 72, in get
    return request('get', url, params=params, **kwargs)
  File "C:\Users\NiuHe\Anaconda3\lib\site-packages\requests\api.py", line 58, in request
    return session.request(method=method, url=url, **kwargs)
  File "C:\Users\NiuHe\Anaconda3\lib\site-packages\requests\sessions.py", line 508, in request
    resp = self.send(prep, **send_kwargs)
  File "C:\Users\NiuHe\Anaconda3\lib\site-packages\requests\sessions.py", line 618, in send
    r = adapter.send(request, **kwargs)
  File "C:\Users\NiuHe\Anaconda3\lib\site-packages\requests\adapters.py", line 508, in send
    raise ConnectionError(e, request=request)
requests.exceptions.ConnectionError: HTTPSConnectionPool(host='doub.io', port=443): Max retries exceeded with url: /sszhfx/comment-page-48/ (Caused by NewConnectionError('<urllib3.connection.VerifiedHTTPSConnection object at 0x000002753814C208>: Failed to establish a new connection: [WinError 10060] 由于连接方在一段时间后没有正确答复或连接的主机没有反应，连接尝试失败。',))
ERROR:root:'status'
Traceback (most recent call last):
  File "E:\Temp\ShadowSocksShare-OpenShift\app\views.py", line 47, in update_servers
    if server['status'] is True:
KeyError: 'status'
Stack (most recent call last):
  File "C:\Users\NiuHe\Anaconda3\lib\threading.py", line 884, in _bootstrap
    self._bootstrap_inner()
  File "C:\Users\NiuHe\Anaconda3\lib\threading.py", line 916, in _bootstrap_inner
    self.run()
  File "C:\Users\NiuHe\Anaconda3\lib\threading.py", line 864, in run
    self._target(*self._args, **self._kwargs)
  File "E:\Temp\ShadowSocksShare-OpenShift\app\views.py", line 56, in update_servers
    logging.exception(e, stack_info=True)
ERROR:root:request exception: https://global.ishadowx.net
ERROR:root:request exception: http://my.freess.org/
ERROR:root:request exception: https://raw.githubusercontent.com/fq1234/home/master/README.md
ERROR:root:HTTPSConnectionPool(host='plus.google.com', port=443): Max retries exceeded with url: /communities/104092405342699579599/stream/8a593591-2091-4096-bb00-7d9c5659db93 (Caused by NewConnectionError('<urllib3.connection.VerifiedHTTPSConnection object at 0x0000024506E28D30>: Failed to establish a new connection: [WinError 10060] 由于连接方在一段时间后没有正确答复或连接的主机没有反应，连接尝试失败。',))
Traceback (most recent call last):
  File "C:\Users\NiuHe\Anaconda3\lib\site-packages\urllib3\connection.py", line 141, in _new_conn
    (self.host, self.port), self.timeout, **extra_kw)
  File "C:\Users\NiuHe\Anaconda3\lib\site-packages\urllib3\util\connection.py", line 83, in create_connection
    raise err
  File "C:\Users\NiuHe\Anaconda3\lib\site-packages\urllib3\util\connection.py", line 73, in create_connection
    sock.connect(sa)
TimeoutError: [WinError 10060] 由于连接方在一段时间后没有正确答复或连接的主机没有反应，连接尝试失败。

During handling of the above exception, another exception occurred:

Traceback (most recent call last):
  File "C:\Users\NiuHe\Anaconda3\lib\site-packages\urllib3\connectionpool.py", line 601, in urlopen
    chunked=chunked)
  File "C:\Users\NiuHe\Anaconda3\lib\site-packages\urllib3\connectionpool.py", line 346, in _make_request
    self._validate_conn(conn)
  File "C:\Users\NiuHe\Anaconda3\lib\site-packages\urllib3\connectionpool.py", line 850, in _validate_conn
    conn.connect()
  File "C:\Users\NiuHe\Anaconda3\lib\site-packages\urllib3\connection.py", line 284, in connect
    conn = self._new_conn()
  File "C:\Users\NiuHe\Anaconda3\lib\site-packages\urllib3\connection.py", line 150, in _new_conn
    self, "Failed to establish a new connection: %s" % e)
urllib3.exceptions.NewConnectionError: <urllib3.connection.VerifiedHTTPSConnection object at 0x0000024506E28D30>: Failed to establish a new connection: [WinError 10060] 由于连接方在一段时间后没有正确答复或连接的主机没有反应，连接尝试失败。

During handling of the above exception, another exception occurred:

Traceback (most recent call last):
  File "C:\Users\NiuHe\Anaconda3\lib\site-packages\requests\adapters.py", line 440, in send
    timeout=timeout
  File "C:\Users\NiuHe\Anaconda3\lib\site-packages\urllib3\connectionpool.py", line 639, in urlopen
    _stacktrace=sys.exc_info()[2])
  File "C:\Users\NiuHe\Anaconda3\lib\site-packages\urllib3\util\retry.py", line 388, in increment
    raise MaxRetryError(_pool, url, error or ResponseError(cause))
urllib3.exceptions.MaxRetryError: HTTPSConnectionPool(host='plus.google.com', port=443): Max retries exceeded with url: /communities/104092405342699579599/stream/8a593591-2091-4096-bb00-7d9c5659db93 (Caused by NewConnectionError('<urllib3.connection.VerifiedHTTPSConnection object at 0x0000024506E28D30>: Failed to establish a new connection: [WinError 10060] 由于连接方在一段时间后没有正确答复或连接的主机没有反应，连接尝试失败。',))

During handling of the above exception, another exception occurred:

Traceback (most recent call last):
  File "E:\Temp\ShadowSocksShare-OpenShift\app\ss\ss_free.py", line 204, in request_url
    response = requests.get(url, headers=headers, verify=False).text
  File "C:\Users\NiuHe\Anaconda3\lib\site-packages\requests\api.py", line 72, in get
    return request('get', url, params=params, **kwargs)
  File "C:\Users\NiuHe\Anaconda3\lib\site-packages\requests\api.py", line 58, in request
    return session.request(method=method, url=url, **kwargs)
  File "C:\Users\NiuHe\Anaconda3\lib\site-packages\requests\sessions.py", line 508, in request
    resp = self.send(prep, **send_kwargs)
  File "C:\Users\NiuHe\Anaconda3\lib\site-packages\requests\sessions.py", line 618, in send
    r = adapter.send(request, **kwargs)
  File "C:\Users\NiuHe\Anaconda3\lib\site-packages\requests\adapters.py", line 508, in send
    raise ConnectionError(e, request=request)
requests.exceptions.ConnectionError: HTTPSConnectionPool(host='plus.google.com', port=443): Max retries exceeded with url: /communities/104092405342699579599/stream/8a593591-2091-4096-bb00-7d9c5659db93 (Caused by NewConnectionError('<urllib3.connection.VerifiedHTTPSConnection object at 0x0000024506E28D30>: Failed to establish a new connection: [WinError 10060] 由于连接方在一段时间后没有正确答复或连接的主机没有反应，连接尝试失败。',))
ERROR:root:HTTPSConnectionPool(host='plus.google.com', port=443): Max retries exceeded with url: /communities/109204483693184691558 (Caused by NewConnectionError('<urllib3.connection.VerifiedHTTPSConnection object at 0x0000024506E62898>: Failed to establish a new connection: [WinError 10060] 由于连接方在一段时间后没有正确答复或连接的主机没有反应，连接尝试失败。',))
Traceback (most recent call last):
  File "C:\Users\NiuHe\Anaconda3\lib\site-packages\urllib3\connection.py", line 141, in _new_conn
    (self.host, self.port), self.timeout, **extra_kw)
  File "C:\Users\NiuHe\Anaconda3\lib\site-packages\urllib3\util\connection.py", line 83, in create_connection
    raise err
  File "C:\Users\NiuHe\Anaconda3\lib\site-packages\urllib3\util\connection.py", line 73, in create_connection
    sock.connect(sa)
TimeoutError: [WinError 10060] 由于连接方在一段时间后没有正确答复或连接的主机没有反应，连接尝试失败。

During handling of the above exception, another exception occurred:

Traceback (most recent call last):
  File "C:\Users\NiuHe\Anaconda3\lib\site-packages\urllib3\connectionpool.py", line 601, in urlopen
    chunked=chunked)
  File "C:\Users\NiuHe\Anaconda3\lib\site-packages\urllib3\connectionpool.py", line 346, in _make_request
    self._validate_conn(conn)
  File "C:\Users\NiuHe\Anaconda3\lib\site-packages\urllib3\connectionpool.py", line 850, in _validate_conn
    conn.connect()
  File "C:\Users\NiuHe\Anaconda3\lib\site-packages\urllib3\connection.py", line 284, in connect
    conn = self._new_conn()
  File "C:\Users\NiuHe\Anaconda3\lib\site-packages\urllib3\connection.py", line 150, in _new_conn
    self, "Failed to establish a new connection: %s" % e)
urllib3.exceptions.NewConnectionError: <urllib3.connection.VerifiedHTTPSConnection object at 0x0000024506E62898>: Failed to establish a new connection: [WinError 10060] 由于连接方在一段时间后没有正确答复或连接的主机没有反应，连接尝试失败。

During handling of the above exception, another exception occurred:

Traceback (most recent call last):
  File "C:\Users\NiuHe\Anaconda3\lib\site-packages\requests\adapters.py", line 440, in send
    timeout=timeout
  File "C:\Users\NiuHe\Anaconda3\lib\site-packages\urllib3\connectionpool.py", line 639, in urlopen
    _stacktrace=sys.exc_info()[2])
  File "C:\Users\NiuHe\Anaconda3\lib\site-packages\urllib3\util\retry.py", line 388, in increment
    raise MaxRetryError(_pool, url, error or ResponseError(cause))
urllib3.exceptions.MaxRetryError: HTTPSConnectionPool(host='plus.google.com', port=443): Max retries exceeded with url: /communities/109204483693184691558 (Caused by NewConnectionError('<urllib3.connection.VerifiedHTTPSConnection object at 0x0000024506E62898>: Failed to establish a new connection: [WinError 10060] 由于连接方在一段时间后没有正确答复或连接的主机没有反应，连接尝试失败。',))

During handling of the above exception, another exception occurred:

Traceback (most recent call last):
  File "E:\Temp\ShadowSocksShare-OpenShift\app\ss\ss_free.py", line 204, in request_url
    response = requests.get(url, headers=headers, verify=False).text
  File "C:\Users\NiuHe\Anaconda3\lib\site-packages\requests\api.py", line 72, in get
    return request('get', url, params=params, **kwargs)
  File "C:\Users\NiuHe\Anaconda3\lib\site-packages\requests\api.py", line 58, in request
    return session.request(method=method, url=url, **kwargs)
  File "C:\Users\NiuHe\Anaconda3\lib\site-packages\requests\sessions.py", line 508, in request
    resp = self.send(prep, **send_kwargs)
  File "C:\Users\NiuHe\Anaconda3\lib\site-packages\requests\sessions.py", line 618, in send
    r = adapter.send(request, **kwargs)
  File "C:\Users\NiuHe\Anaconda3\lib\site-packages\requests\adapters.py", line 508, in send
    raise ConnectionError(e, request=request)
requests.exceptions.ConnectionError: HTTPSConnectionPool(host='plus.google.com', port=443): Max retries exceeded with url: /communities/109204483693184691558 (Caused by NewConnectionError('<urllib3.connection.VerifiedHTTPSConnection object at 0x0000024506E62898>: Failed to establish a new connection: [WinError 10060] 由于连接方在一段时间后没有正确答复或连接的主机没有反应，连接尝试失败。',))
ERROR:root:HTTPSConnectionPool(host='plus.google.com', port=443): Max retries exceeded with url: /communities/117702818760720009772/stream/47c69db4-9362-4d91-a017-97f3be948437 (Caused by NewConnectionError('<urllib3.connection.VerifiedHTTPSConnection object at 0x0000024506E62F60>: Failed to establish a new connection: [WinError 10060] 由于连接方在一段时间后没有正确答复或连接的主机没有反应，连接尝试失败。',))
Traceback (most recent call last):
  File "C:\Users\NiuHe\Anaconda3\lib\site-packages\urllib3\connection.py", line 141, in _new_conn
    (self.host, self.port), self.timeout, **extra_kw)
  File "C:\Users\NiuHe\Anaconda3\lib\site-packages\urllib3\util\connection.py", line 83, in create_connection
    raise err
  File "C:\Users\NiuHe\Anaconda3\lib\site-packages\urllib3\util\connection.py", line 73, in create_connection
    sock.connect(sa)
TimeoutError: [WinError 10060] 由于连接方在一段时间后没有正确答复或连接的主机没有反应，连接尝试失败。

During handling of the above exception, another exception occurred:

Traceback (most recent call last):
  File "C:\Users\NiuHe\Anaconda3\lib\site-packages\urllib3\connectionpool.py", line 601, in urlopen
    chunked=chunked)
  File "C:\Users\NiuHe\Anaconda3\lib\site-packages\urllib3\connectionpool.py", line 346, in _make_request
    self._validate_conn(conn)
  File "C:\Users\NiuHe\Anaconda3\lib\site-packages\urllib3\connectionpool.py", line 850, in _validate_conn
    conn.connect()
  File "C:\Users\NiuHe\Anaconda3\lib\site-packages\urllib3\connection.py", line 284, in connect
    conn = self._new_conn()
  File "C:\Users\NiuHe\Anaconda3\lib\site-packages\urllib3\connection.py", line 150, in _new_conn
    self, "Failed to establish a new connection: %s" % e)
urllib3.exceptions.NewConnectionError: <urllib3.connection.VerifiedHTTPSConnection object at 0x0000024506E62F60>: Failed to establish a new connection: [WinError 10060] 由于连接方在一段时间后没有正确答复或连接的主机没有反应，连接尝试失败。

During handling of the above exception, another exception occurred:

Traceback (most recent call last):
  File "C:\Users\NiuHe\Anaconda3\lib\site-packages\requests\adapters.py", line 440, in send
    timeout=timeout
  File "C:\Users\NiuHe\Anaconda3\lib\site-packages\urllib3\connectionpool.py", line 639, in urlopen
    _stacktrace=sys.exc_info()[2])
  File "C:\Users\NiuHe\Anaconda3\lib\site-packages\urllib3\util\retry.py", line 388, in increment
    raise MaxRetryError(_pool, url, error or ResponseError(cause))
urllib3.exceptions.MaxRetryError: HTTPSConnectionPool(host='plus.google.com', port=443): Max retries exceeded with url: /communities/117702818760720009772/stream/47c69db4-9362-4d91-a017-97f3be948437 (Caused by NewConnectionError('<urllib3.connection.VerifiedHTTPSConnection object at 0x0000024506E62F60>: Failed to establish a new connection: [WinError 10060] 由于连接方在一段时间后没有正确答复或连接的主机没有反应，连接尝试失败。',))

During handling of the above exception, another exception occurred:

Traceback (most recent call last):
  File "E:\Temp\ShadowSocksShare-OpenShift\app\ss\ss_free.py", line 204, in request_url
    response = requests.get(url, headers=headers, verify=False).text
  File "C:\Users\NiuHe\Anaconda3\lib\site-packages\requests\api.py", line 72, in get
    return request('get', url, params=params, **kwargs)
  File "C:\Users\NiuHe\Anaconda3\lib\site-packages\requests\api.py", line 58, in request
    return session.request(method=method, url=url, **kwargs)
  File "C:\Users\NiuHe\Anaconda3\lib\site-packages\requests\sessions.py", line 508, in request
    resp = self.send(prep, **send_kwargs)
  File "C:\Users\NiuHe\Anaconda3\lib\site-packages\requests\sessions.py", line 618, in send
    r = adapter.send(request, **kwargs)
  File "C:\Users\NiuHe\Anaconda3\lib\site-packages\requests\adapters.py", line 508, in send
    raise ConnectionError(e, request=request)
requests.exceptions.ConnectionError: HTTPSConnectionPool(host='plus.google.com', port=443): Max retries exceeded with url: /communities/117702818760720009772/stream/47c69db4-9362-4d91-a017-97f3be948437 (Caused by NewConnectionError('<urllib3.connection.VerifiedHTTPSConnection object at 0x0000024506E62F60>: Failed to establish a new connection: [WinError 10060] 由于连接方在一段时间后没有正确答复或连接的主机没有反应，连接尝试失败。',))
ERROR:root:HTTPSConnectionPool(host='plus.google.com', port=443): Max retries exceeded with url: /communities/107859708371989171939 (Caused by NewConnectionError('<urllib3.connection.VerifiedHTTPSConnection object at 0x0000024506E18EB8>: Failed to establish a new connection: [WinError 10060] 由于连接方在一段时间后没有正确答复或连接的主机没有反应，连接尝试失败。',))
Traceback (most recent call last):
  File "C:\Users\NiuHe\Anaconda3\lib\site-packages\urllib3\connection.py", line 141, in _new_conn
    (self.host, self.port), self.timeout, **extra_kw)
  File "C:\Users\NiuHe\Anaconda3\lib\site-packages\urllib3\util\connection.py", line 83, in create_connection
    raise err
  File "C:\Users\NiuHe\Anaconda3\lib\site-packages\urllib3\util\connection.py", line 73, in create_connection
    sock.connect(sa)
TimeoutError: [WinError 10060] 由于连接方在一段时间后没有正确答复或连接的主机没有反应，连接尝试失败。

During handling of the above exception, another exception occurred:

Traceback (most recent call last):
  File "C:\Users\NiuHe\Anaconda3\lib\site-packages\urllib3\connectionpool.py", line 601, in urlopen
    chunked=chunked)
  File "C:\Users\NiuHe\Anaconda3\lib\site-packages\urllib3\connectionpool.py", line 346, in _make_request
    self._validate_conn(conn)
  File "C:\Users\NiuHe\Anaconda3\lib\site-packages\urllib3\connectionpool.py", line 850, in _validate_conn
    conn.connect()
  File "C:\Users\NiuHe\Anaconda3\lib\site-packages\urllib3\connection.py", line 284, in connect
    conn = self._new_conn()
  File "C:\Users\NiuHe\Anaconda3\lib\site-packages\urllib3\connection.py", line 150, in _new_conn
    self, "Failed to establish a new connection: %s" % e)
urllib3.exceptions.NewConnectionError: <urllib3.connection.VerifiedHTTPSConnection object at 0x0000024506E18EB8>: Failed to establish a new connection: [WinError 10060] 由于连接方在一段时间后没有正确答复或连接的主机没有反应，连接尝试失败。

During handling of the above exception, another exception occurred:

Traceback (most recent call last):
  File "C:\Users\NiuHe\Anaconda3\lib\site-packages\requests\adapters.py", line 440, in send
    timeout=timeout
  File "C:\Users\NiuHe\Anaconda3\lib\site-packages\urllib3\connectionpool.py", line 639, in urlopen
    _stacktrace=sys.exc_info()[2])
  File "C:\Users\NiuHe\Anaconda3\lib\site-packages\urllib3\util\retry.py", line 388, in increment
    raise MaxRetryError(_pool, url, error or ResponseError(cause))
urllib3.exceptions.MaxRetryError: HTTPSConnectionPool(host='plus.google.com', port=443): Max retries exceeded with url: /communities/107859708371989171939 (Caused by NewConnectionError('<urllib3.connection.VerifiedHTTPSConnection object at 0x0000024506E18EB8>: Failed to establish a new connection: [WinError 10060] 由于连接方在一段时间后没有正确答复或连接的主机没有反应，连接尝试失败。',))

During handling of the above exception, another exception occurred:

Traceback (most recent call last):
  File "E:\Temp\ShadowSocksShare-OpenShift\app\ss\ss_free.py", line 204, in request_url
    response = requests.get(url, headers=headers, verify=False).text
  File "C:\Users\NiuHe\Anaconda3\lib\site-packages\requests\api.py", line 72, in get
    return request('get', url, params=params, **kwargs)
  File "C:\Users\NiuHe\Anaconda3\lib\site-packages\requests\api.py", line 58, in request
    return session.request(method=method, url=url, **kwargs)
  File "C:\Users\NiuHe\Anaconda3\lib\site-packages\requests\sessions.py", line 508, in request
    resp = self.send(prep, **send_kwargs)
  File "C:\Users\NiuHe\Anaconda3\lib\site-packages\requests\sessions.py", line 618, in send
    r = adapter.send(request, **kwargs)
  File "C:\Users\NiuHe\Anaconda3\lib\site-packages\requests\adapters.py", line 508, in send
    raise ConnectionError(e, request=request)
requests.exceptions.ConnectionError: HTTPSConnectionPool(host='plus.google.com', port=443): Max retries exceeded with url: /communities/107859708371989171939 (Caused by NewConnectionError('<urllib3.connection.VerifiedHTTPSConnection object at 0x0000024506E18EB8>: Failed to establish a new connection: [WinError 10060] 由于连接方在一段时间后没有正确答复或连接的主机没有反应，连接尝试失败。',))
ERROR:root:('Connection aborted.', ConnectionResetError(10054, '远程主机强迫关闭了一个现有的连接。', None, 10054, None))
Traceback (most recent call last):
  File "C:\Users\NiuHe\Anaconda3\lib\site-packages\urllib3\connectionpool.py", line 601, in urlopen
    chunked=chunked)
  File "C:\Users\NiuHe\Anaconda3\lib\site-packages\urllib3\connectionpool.py", line 387, in _make_request
    six.raise_from(e, None)
  File "<string>", line 2, in raise_from
  File "C:\Users\NiuHe\Anaconda3\lib\site-packages\urllib3\connectionpool.py", line 383, in _make_request
    httplib_response = conn.getresponse()
  File "C:\Users\NiuHe\Anaconda3\lib\http\client.py", line 1331, in getresponse
    response.begin()
  File "C:\Users\NiuHe\Anaconda3\lib\http\client.py", line 297, in begin
    version, status, reason = self._read_status()
  File "C:\Users\NiuHe\Anaconda3\lib\http\client.py", line 258, in _read_status
    line = str(self.fp.readline(_MAXLINE + 1), "iso-8859-1")
  File "C:\Users\NiuHe\Anaconda3\lib\socket.py", line 586, in readinto
    return self._sock.recv_into(b)
ConnectionResetError: [WinError 10054] 远程主机强迫关闭了一个现有的连接。

During handling of the above exception, another exception occurred:

Traceback (most recent call last):
  File "C:\Users\NiuHe\Anaconda3\lib\site-packages\requests\adapters.py", line 440, in send
    timeout=timeout
  File "C:\Users\NiuHe\Anaconda3\lib\site-packages\urllib3\connectionpool.py", line 639, in urlopen
    _stacktrace=sys.exc_info()[2])
  File "C:\Users\NiuHe\Anaconda3\lib\site-packages\urllib3\util\retry.py", line 357, in increment
    raise six.reraise(type(error), error, _stacktrace)
  File "C:\Users\NiuHe\Anaconda3\lib\site-packages\urllib3\packages\six.py", line 685, in reraise
    raise value.with_traceback(tb)
  File "C:\Users\NiuHe\Anaconda3\lib\site-packages\urllib3\connectionpool.py", line 601, in urlopen
    chunked=chunked)
  File "C:\Users\NiuHe\Anaconda3\lib\site-packages\urllib3\connectionpool.py", line 387, in _make_request
    six.raise_from(e, None)
  File "<string>", line 2, in raise_from
  File "C:\Users\NiuHe\Anaconda3\lib\site-packages\urllib3\connectionpool.py", line 383, in _make_request
    httplib_response = conn.getresponse()
  File "C:\Users\NiuHe\Anaconda3\lib\http\client.py", line 1331, in getresponse
    response.begin()
  File "C:\Users\NiuHe\Anaconda3\lib\http\client.py", line 297, in begin
    version, status, reason = self._read_status()
  File "C:\Users\NiuHe\Anaconda3\lib\http\client.py", line 258, in _read_status
    line = str(self.fp.readline(_MAXLINE + 1), "iso-8859-1")
  File "C:\Users\NiuHe\Anaconda3\lib\socket.py", line 586, in readinto
    return self._sock.recv_into(b)
urllib3.exceptions.ProtocolError: ('Connection aborted.', ConnectionResetError(10054, '远程主机强迫关闭了一个现有的连接。', None, 10054, None))

During handling of the above exception, another exception occurred:

Traceback (most recent call last):
  File "E:\Temp\ShadowSocksShare-OpenShift\app\ss\ss_free.py", line 204, in request_url
    response = requests.get(url, headers=headers, verify=False).text
  File "C:\Users\NiuHe\Anaconda3\lib\site-packages\requests\api.py", line 72, in get
    return request('get', url, params=params, **kwargs)
  File "C:\Users\NiuHe\Anaconda3\lib\site-packages\requests\api.py", line 58, in request
    return session.request(method=method, url=url, **kwargs)
  File "C:\Users\NiuHe\Anaconda3\lib\site-packages\requests\sessions.py", line 508, in request
    resp = self.send(prep, **send_kwargs)
  File "C:\Users\NiuHe\Anaconda3\lib\site-packages\requests\sessions.py", line 618, in send
    r = adapter.send(request, **kwargs)
  File "C:\Users\NiuHe\Anaconda3\lib\site-packages\requests\adapters.py", line 490, in send
    raise ConnectionError(err, request=request)
requests.exceptions.ConnectionError: ('Connection aborted.', ConnectionResetError(10054, '远程主机强迫关闭了一个现有的连接。', None, 10054, None))
